           Time    Speed        Read     Read   Mapped   Mapped   Mapped   Mapped Unmapped Unmapped Unmapped Unmapped
                    M/hr      number   length   unique   length   MMrate    multi   multi+       MM    short    other
Mar 15 13:11:11	Started 1st pass mapping
Mar 15 13:11:41     10.3       86169      298    93.1%    296.5     0.6%     3.4%     0.1%     0.0%     3.2%     0.2%
Mar 15 13:12:48    104.9     2825139      298    93.0%    296.4     0.6%     3.3%     0.1%     0.0%     3.4%     0.2%
Mar 15 13:13:48    127.5     5561925      298    92.9%    296.3     0.6%     3.3%     0.1%     0.0%     3.5%     0.2%
Mar 15 13:14:48    129.2     7785000      298    92.9%    296.4     0.6%     3.3%     0.1%     0.0%     3.5%     0.2%
Mar 15 13:15:48    130.1    10008092      298    92.9%    296.3     0.6%     3.3%     0.1%     0.0%     3.6%     0.2%
Mar 15 13:16:49    134.8    12652119      298    92.9%    296.3     0.6%     3.3%     0.1%     0.0%     3.6%     0.2%
Mar 15 13:17:50    132.6    14698906      298    92.9%    296.3     0.6%     3.3%     0.1%     0.0%     3.6%     0.2%
Mar 15 13:18:50    134.0    17087060      298    92.9%    296.3     0.6%     3.3%     0.1%     0.0%     3.6%     0.2%
Mar 15 13:19:53    134.9    19560072      298    92.9%    296.3     0.6%     3.3%     0.1%     0.0%     3.6%     0.2%
Mar 15 13:20:54    136.6    22118525      298    92.9%    296.3     0.6%     3.3%     0.1%     0.0%     3.6%     0.2%
Mar 15 13:21:54    136.3    24336157      298    92.9%    296.3     0.6%     3.3%     0.1%     0.0%     3.6%     0.2%
Mar 15 13:22:54    137.3    26809413      298    92.9%    296.3     0.6%     3.3%     0.1%     0.0%     3.6%     0.2%
Mar 15 13:23:54    137.4    29112229      298    92.9%    296.3     0.6%     3.3%     0.1%     0.0%     3.6%     0.2%
Mar 15 13:24:55    138.0    31585204      298    92.9%    296.3     0.6%     3.3%     0.1%     0.0%     3.5%     0.2%
Mar 15 13:25:55    138.7    34058571      298    92.9%    296.3     0.6%     3.3%     0.1%     0.0%     3.5%     0.2%
Mar 15 13:27:00    138.6    36532238      298    92.9%    296.3     0.6%     3.3%     0.1%     0.0%     3.5%     0.2%
Mar 15 13:28:00    139.2    39005490      298    92.9%    296.3     0.6%     3.3%     0.1%     0.0%     3.5%     0.2%
Mar 15 13:29:00    139.1    41308074      298    92.9%    296.3     0.6%     3.3%     0.1%     0.0%     3.5%     0.2%
Mar 15 13:30:04    138.8    43696160      298    92.9%    296.2     0.6%     3.3%     0.1%     0.0%     3.6%     0.2%
Mar 15 13:31:48    133.2    45781565      298    92.9%    296.2     0.6%     3.3%     0.1%     0.0%     3.6%     0.2%
Mar 15 13:31:49	Finished 1st pass mapping
Mar 15 13:34:31      9.5      171932      298    92.1%    296.5     0.6%     4.3%     0.1%     0.0%     3.2%     0.3%
Mar 15 13:35:39     41.8     1542524      298    92.0%    296.4     0.6%     4.2%     0.1%     0.0%     3.4%     0.3%
Mar 15 13:36:46     52.4     2910653      298    91.9%    296.4     0.6%     4.3%     0.1%     0.0%     3.4%     0.3%
Mar 15 13:37:51     58.1     4278956      298    91.9%    296.3     0.6%     4.2%     0.1%     0.0%     3.5%     0.3%
Mar 15 13:38:52     60.5     5476192      298    91.9%    296.3     0.6%     4.2%     0.1%     0.0%     3.5%     0.3%
Mar 15 13:39:53     61.3     6587951      298    91.9%    296.4     0.6%     4.2%     0.1%     0.0%     3.5%     0.3%
Mar 15 13:40:55     61.7     7699702      298    91.9%    296.4     0.6%     4.2%     0.1%     0.0%     3.5%     0.3%
Mar 15 13:41:55     63.5     8982308      298    91.8%    296.3     0.6%     4.2%     0.1%     0.0%     3.5%     0.3%
Mar 15 13:43:02     62.0     9922932      298    91.8%    296.3     0.6%     4.2%     0.1%     0.0%     3.6%     0.3%
Mar 15 13:44:07     63.4    11287891      298    91.8%    296.3     0.6%     4.3%     0.1%     0.0%     3.6%     0.3%
Mar 15 13:45:08     64.4    12566859      298    91.8%    296.3     0.6%     4.3%     0.1%     0.0%     3.6%     0.3%
Mar 15 13:46:08     64.2    13590305      298    91.8%    296.3     0.6%     4.3%     0.1%     0.0%     3.6%     0.3%
Mar 15 13:47:09     63.6    14528383      298    91.8%    296.3     0.6%     4.3%     0.1%     0.0%     3.6%     0.3%
Mar 15 13:48:12     64.2    15807528      298    91.8%    296.3     0.6%     4.3%     0.1%     0.0%     3.6%     0.3%
Mar 15 13:49:14     64.6    17001625      298    91.8%    296.3     0.6%     4.3%     0.1%     0.0%     3.6%     0.3%
Mar 15 13:50:16     64.6    18110242      298    91.8%    296.3     0.6%     4.3%     0.1%     0.0%     3.6%     0.3%
Mar 15 13:51:20     65.3    19474761      298    91.8%    296.3     0.6%     4.3%     0.1%     0.0%     3.6%     0.3%
Mar 15 13:52:22     64.7    20412917      298    91.8%    296.3     0.6%     4.3%     0.1%     0.0%     3.6%     0.3%
Mar 15 13:53:28     64.7    21606851      298    91.8%    296.3     0.6%     4.3%     0.1%     0.0%     3.6%     0.3%
Mar 15 13:54:31     65.4    22971545      298    91.8%    296.3     0.6%     4.3%     0.1%     0.0%     3.6%     0.3%
Mar 15 13:55:33     65.3    24080409      298    91.8%    296.3     0.6%     4.3%     0.1%     0.0%     3.6%     0.3%
Mar 15 13:56:37     65.0    25103798      298    91.8%    296.3     0.6%     4.3%     0.1%     0.0%     3.6%     0.3%
Mar 15 13:57:37     65.2    26297673      298    91.8%    296.3     0.6%     4.3%     0.1%     0.0%     3.6%     0.3%
Mar 15 13:58:39     65.4    27491777      298    91.8%    296.3     0.6%     4.3%     0.1%     0.0%     3.5%     0.3%
Mar 15 13:59:44     65.8    28856206      298    91.8%    296.3     0.6%     4.3%     0.1%     0.0%     3.5%     0.3%
Mar 15 14:00:45     66.0    30050161      298    91.9%    296.3     0.6%     4.3%     0.1%     0.0%     3.5%     0.3%
Mar 15 14:01:54     66.2    31414812      298    91.9%    296.3     0.6%     4.3%     0.1%     0.0%     3.5%     0.3%
Mar 15 14:02:59     66.6    32779254      298    91.9%    296.3     0.6%     4.3%     0.1%     0.0%     3.5%     0.3%
Mar 15 14:04:06     66.6    34058736      298    91.9%    296.3     0.6%     4.3%     0.1%     0.0%     3.5%     0.3%
Mar 15 14:05:07     66.9    35338126      298    91.8%    296.3     0.6%     4.3%     0.1%     0.0%     3.5%     0.3%
Mar 15 14:06:07     67.1    36532088      298    91.9%    296.3     0.6%     4.3%     0.1%     0.0%     3.5%     0.3%
Mar 15 14:07:11     67.2    37811340      298    91.9%    296.3     0.6%     4.3%     0.1%     0.0%     3.5%     0.3%
Mar 15 14:08:12     67.5    39090680      298    91.9%    296.3     0.6%     4.3%     0.1%     0.0%     3.5%     0.3%
Mar 15 14:09:14     67.8    40455377      298    91.9%    296.3     0.6%     4.3%     0.1%     0.0%     3.5%     0.3%
Mar 15 14:10:14     68.0    41734375      298    91.9%    296.3     0.6%     4.3%     0.1%     0.0%     3.5%     0.3%
Mar 15 14:11:15     67.7    42672491      298    91.9%    296.2     0.6%     4.3%     0.1%     0.0%     3.5%     0.3%
Mar 15 14:12:15     67.7    43781252      298    91.8%    296.2     0.6%     4.3%     0.1%     0.0%     3.5%     0.3%
Mar 15 14:13:19     68.0    45184525      298    91.8%    296.2     0.6%     4.3%     0.1%     0.0%     3.5%     0.3%
Mar 15 14:15:19     65.6    45781565      298    91.8%    296.2     0.6%     4.3%     0.1%     0.0%     3.5%     0.3%
Mar 15 14:16:42     63.5    45781565      298    91.8%    296.2     0.6%     4.3%     0.1%     0.0%     3.5%     0.3%
ALL DONE!
