           Time    Speed        Read     Read   Mapped   Mapped   Mapped   Mapped Unmapped Unmapped Unmapped Unmapped
                    M/hr      number   length   unique   length   MMrate    multi   multi+       MM    short    other
Mar 03 16:44:57	Started 1st pass mapping
Mar 03 16:45:30      9.4       86169      298    93.1%    296.5     0.6%     3.4%     0.1%     0.0%     3.2%     0.2%
Mar 03 16:46:32     97.3     2568678      298    93.0%    296.4     0.6%     3.3%     0.1%     0.0%     3.4%     0.2%
Mar 03 16:47:33    112.6     4877719      298    92.9%    296.3     0.6%     3.3%     0.1%     0.0%     3.5%     0.2%
Mar 03 16:48:33    116.9     7015473      298    92.9%    296.4     0.6%     3.3%     0.1%     0.0%     3.5%     0.2%
Mar 03 16:49:33    117.2     8982285      298    92.9%    296.3     0.6%     3.3%     0.1%     0.0%     3.6%     0.2%
Mar 03 16:50:33    117.3    10946473      298    92.9%    296.3     0.6%     3.3%     0.1%     0.0%     3.6%     0.2%
Mar 03 16:51:33    117.3    12908175      298    92.9%    296.3     0.6%     3.3%     0.1%     0.0%     3.6%     0.2%
Mar 03 16:52:33    117.4    14869506      298    92.9%    296.3     0.6%     3.3%     0.1%     0.0%     3.6%     0.2%
Mar 03 16:53:37    118.3    17086874      298    92.9%    296.3     0.6%     3.3%     0.1%     0.0%     3.6%     0.2%
Mar 03 16:54:42    118.8    19304329      298    92.9%    296.3     0.6%     3.3%     0.1%     0.0%     3.6%     0.2%
Mar 03 16:55:42    120.1    21521572      298    92.9%    296.3     0.6%     3.3%     0.1%     0.0%     3.6%     0.2%
Mar 03 16:56:47    119.1    23483453      298    92.9%    296.3     0.6%     3.3%     0.1%     0.0%     3.6%     0.2%
Mar 03 16:57:49    120.2    25785981      298    92.9%    296.3     0.6%     3.3%     0.1%     0.0%     3.6%     0.2%
Mar 03 16:58:49    120.8    27918088      298    92.9%    296.3     0.6%     3.3%     0.1%     0.0%     3.6%     0.2%
Mar 03 16:59:51    121.0    30050161      298    92.9%    296.3     0.6%     3.3%     0.1%     0.0%     3.5%     0.2%
Mar 03 17:00:51    122.4    32438088      298    92.9%    296.3     0.6%     3.3%     0.1%     0.0%     3.5%     0.2%
Mar 03 17:01:51    122.1    34399926      298    92.9%    296.3     0.6%     3.3%     0.1%     0.0%     3.5%     0.2%
Mar 03 17:02:57    121.8    36532088      298    92.9%    296.3     0.6%     3.3%     0.1%     0.0%     3.5%     0.2%
Mar 03 17:04:02    122.6    39005389      298    92.9%    296.3     0.6%     3.3%     0.1%     0.0%     3.5%     0.2%
Mar 03 17:05:04    123.0    41222824      298    92.9%    296.3     0.6%     3.3%     0.1%     0.0%     3.5%     0.2%
Mar 03 17:06:06    122.5    43184450      298    92.9%    296.2     0.6%     3.3%     0.1%     0.0%     3.6%     0.2%
Mar 03 17:07:58    119.3    45781565      298    92.9%    296.2     0.6%     3.3%     0.1%     0.0%     3.6%     0.2%
Mar 03 17:07:59	Finished 1st pass mapping
Mar 03 17:10:34      4.7       86169      298    92.0%    296.5     0.6%     4.4%     0.1%     0.0%     3.2%     0.3%
Mar 03 17:11:39     40.0     1456933      298    92.1%    296.4     0.6%     4.2%     0.1%     0.0%     3.3%     0.3%
Mar 03 17:12:51     50.1     2825153      298    92.0%    296.4     0.6%     4.3%     0.1%     0.0%     3.4%     0.3%
Mar 03 17:13:56     55.2     4107998      298    91.9%    296.3     0.6%     4.3%     0.1%     0.0%     3.5%     0.3%
Mar 03 17:15:02     58.1     5390800      298    91.9%    296.3     0.6%     4.2%     0.1%     0.0%     3.5%     0.3%
Mar 03 17:16:08     60.1     6673420      298    91.9%    296.4     0.6%     4.2%     0.1%     0.0%     3.5%     0.3%
Mar 03 17:17:08     60.3     7699702      298    91.9%    296.4     0.6%     4.2%     0.1%     0.0%     3.5%     0.3%
Mar 03 17:18:11     60.1     8725812      298    91.9%    296.3     0.6%     4.2%     0.1%     0.0%     3.5%     0.3%
Mar 03 17:19:23     59.0     9752154      298    91.8%    296.3     0.6%     4.2%     0.1%     0.0%     3.6%     0.3%
Mar 03 17:20:23     59.7    10861440      298    91.8%    296.3     0.6%     4.3%     0.1%     0.0%     3.6%     0.3%
Mar 03 17:21:23     60.3    11970004      298    91.8%    296.3     0.6%     4.3%     0.1%     0.0%     3.6%     0.3%
Mar 03 17:22:26     60.1    12993417      298    91.8%    296.3     0.6%     4.3%     0.1%     0.0%     3.6%     0.3%
Mar 03 17:23:27     60.1    14016716      298    91.8%    296.3     0.6%     4.3%     0.1%     0.0%     3.6%     0.3%
Mar 03 17:24:35     60.4    15210590      298    91.8%    296.3     0.6%     4.3%     0.1%     0.0%     3.6%     0.3%
Mar 03 17:25:40     59.8    16148766      298    91.8%    296.3     0.6%     4.3%     0.1%     0.0%     3.6%     0.3%
Mar 03 17:26:41     60.1    17257558      298    91.8%    296.3     0.6%     4.3%     0.1%     0.0%     3.6%     0.3%
Mar 03 17:27:46     59.9    18280750      298    91.8%    296.3     0.6%     4.3%     0.1%     0.0%     3.6%     0.3%
Mar 03 17:28:46     60.3    19389569      298    91.8%    296.3     0.6%     4.3%     0.1%     0.0%     3.6%     0.3%
Mar 03 17:29:46     60.8    20583462      298    91.8%    296.3     0.6%     4.3%     0.1%     0.0%     3.6%     0.3%
Mar 03 17:30:49     60.7    21606971      298    91.8%    296.3     0.6%     4.3%     0.1%     0.0%     3.6%     0.3%
Mar 03 17:31:54     61.0    22800991      298    91.8%    296.3     0.6%     4.3%     0.1%     0.0%     3.6%     0.3%
Mar 03 17:32:55     60.1    23483453      298    91.8%    296.3     0.6%     4.3%     0.1%     0.0%     3.6%     0.3%
Mar 03 17:33:56     60.5    24677333      298    91.8%    296.3     0.6%     4.3%     0.1%     0.0%     3.6%     0.3%
Mar 03 17:35:10     60.4    25871412      298    91.8%    296.3     0.6%     4.3%     0.1%     0.0%     3.6%     0.3%
Mar 03 17:36:22     60.6    27150617      298    91.8%    296.3     0.6%     4.3%     0.1%     0.0%     3.5%     0.3%
Mar 03 17:37:34     60.9    28515157      298    91.8%    296.3     0.6%     4.3%     0.1%     0.0%     3.5%     0.3%
Mar 03 17:38:41     61.2    29794402      298    91.9%    296.3     0.6%     4.3%     0.1%     0.0%     3.5%     0.3%
Mar 03 17:39:41     61.5    30988270      298    91.9%    296.3     0.6%     4.3%     0.1%     0.0%     3.5%     0.3%
Mar 03 17:40:42     61.7    32097069      298    91.9%    296.3     0.6%     4.3%     0.1%     0.0%     3.5%     0.3%
Mar 03 17:41:43     61.5    33035182      298    91.9%    296.3     0.6%     4.3%     0.1%     0.0%     3.5%     0.3%
Mar 03 17:42:44     61.3    33973437      298    91.9%    296.3     0.6%     4.3%     0.1%     0.0%     3.5%     0.3%
Mar 03 17:43:46     61.5    35167467      298    91.8%    296.3     0.6%     4.3%     0.1%     0.0%     3.5%     0.3%
Mar 03 17:44:58     61.6    36446819      298    91.9%    296.3     0.6%     4.3%     0.1%     0.0%     3.5%     0.3%
Mar 03 17:46:14     61.6    37726095      298    91.9%    296.3     0.6%     4.3%     0.1%     0.0%     3.5%     0.3%
Mar 03 17:47:14     62.0    39005389      298    91.9%    296.3     0.6%     4.3%     0.1%     0.0%     3.5%     0.3%
Mar 03 17:48:17     62.4    40369948      298    91.9%    296.3     0.6%     4.3%     0.1%     0.0%     3.5%     0.3%
Mar 03 17:49:21     62.5    41563887      298    91.9%    296.3     0.6%     4.3%     0.1%     0.0%     3.5%     0.3%
Mar 03 17:50:27     62.6    42757743      298    91.9%    296.2     0.6%     4.3%     0.1%     0.0%     3.5%     0.3%
Mar 03 17:51:27     62.9    44037174      298    91.8%    296.2     0.6%     4.3%     0.1%     0.0%     3.5%     0.3%
Mar 03 17:52:27     63.5    45525595      298    91.8%    296.2     0.6%     4.3%     0.1%     0.0%     3.5%     0.3%
Mar 03 17:54:34     60.9    45781565      298    91.8%    296.2     0.6%     4.3%     0.1%     0.0%     3.5%     0.3%
Mar 03 17:56:06     58.9    45781565      298    91.8%    296.2     0.6%     4.3%     0.1%     0.0%     3.5%     0.3%
ALL DONE!
