                                 Started job on |	Mar 03 16:44:22
                             Started mapping on |	Mar 03 17:09:28
                                    Finished on |	Mar 03 17:56:06
       Mapping speed, Million of reads per hour |	58.90

                          Number of input reads |	45781565
                      Average input read length |	298
                                    UNIQUE READS:
                   Uniquely mapped reads number |	42043335
                        Uniquely mapped reads % |	91.83%
                          Average mapped length |	296.19
                       Number of splices: Total |	53160657
            Number of splices: Annotated (sjdb) |	53080989
                       Number of splices: GT/AG |	52526643
                       Number of splices: GC/AG |	424178
                       Number of splices: AT/AC |	30437
               Number of splices: Non-canonical |	179399
                      Mismatch rate per base, % |	0.63%
                         Deletion rate per base |	0.05%
                        Deletion average length |	2.56
                        Insertion rate per base |	0.04%
                       Insertion average length |	2.18
                             MULTI-MAPPING READS:
        Number of reads mapped to multiple loci |	1952374
             % of reads mapped to multiple loci |	4.26%
        Number of reads mapped to too many loci |	37021
             % of reads mapped to too many loci |	0.08%
                                  UNMAPPED READS:
  Number of reads unmapped: too many mismatches |	0
       % of reads unmapped: too many mismatches |	0.00%
            Number of reads unmapped: too short |	1624123
                 % of reads unmapped: too short |	3.55%
                Number of reads unmapped: other |	124712
                     % of reads unmapped: other |	0.27%
                                  CHIMERIC READS:
                       Number of chimeric reads |	0
                            % of chimeric reads |	0.00%
