           Time    Speed        Read     Read   Mapped   Mapped   Mapped   Mapped Unmapped Unmapped Unmapped Unmapped
                    M/hr      number   length   unique   length   MMrate    multi   multi+       MM    short    other
Mar 04 14:08:44	Started 1st pass mapping
Mar 04 14:09:10     11.9       85868      298    93.4%    295.8     0.6%     3.2%     0.1%     0.0%     3.1%     0.2%
Mar 04 14:10:13    117.9     2915350      298    93.3%    295.7     0.6%     3.2%     0.1%     0.0%     3.2%     0.2%
Mar 04 14:11:15    132.8     5570688      298    93.2%    295.7     0.6%     3.2%     0.1%     0.0%     3.3%     0.2%
Mar 04 14:12:16    144.0     8482685      298    93.2%    295.7     0.6%     3.2%     0.1%     0.0%     3.3%     0.2%
Mar 04 14:13:17    145.7    11049188      298    93.2%    295.7     0.6%     3.2%     0.1%     0.0%     3.4%     0.2%
Mar 04 14:14:17    144.4    13355261      298    93.2%    295.7     0.6%     3.2%     0.1%     0.0%     3.4%     0.2%
Mar 04 14:15:20    144.7    15917637      298    93.2%    295.6     0.6%     3.2%     0.1%     0.0%     3.4%     0.2%
Mar 04 14:16:20    145.9    18480269      298    93.2%    295.6     0.6%     3.2%     0.1%     0.0%     3.4%     0.2%
Mar 04 14:17:21    146.5    21042657      298    93.2%    295.6     0.6%     3.2%     0.1%     0.0%     3.4%     0.2%
Mar 04 14:18:25    145.7    23519766      298    93.2%    295.6     0.6%     3.2%     0.1%     0.0%     3.4%     0.2%
Mar 04 14:19:25    147.9    26338752      298    93.2%    295.6     0.6%     3.2%     0.1%     0.0%     3.4%     0.2%
Mar 04 14:20:25    149.3    29071926      298    93.2%    295.6     0.6%     3.2%     0.1%     0.0%     3.3%     0.2%
Mar 04 14:21:26    150.3    31805070      298    93.2%    295.7     0.6%     3.2%     0.1%     0.0%     3.3%     0.2%
Mar 04 14:22:28    150.1    34367426      298    93.2%    295.7     0.6%     3.2%     0.1%     0.0%     3.3%     0.2%
Mar 04 14:23:30    150.1    36930265      298    93.2%    295.6     0.6%     3.2%     0.1%     0.0%     3.3%     0.2%
Mar 04 14:24:30    151.3    39749255      298    93.2%    295.6     0.6%     3.2%     0.1%     0.0%     3.3%     0.2%
Mar 04 14:25:32    151.4    42397215      298    93.2%    295.6     0.6%     3.2%     0.1%     0.0%     3.3%     0.2%
Mar 04 14:26:32    151.8    45045402      298    93.2%    295.6     0.6%     3.2%     0.1%     0.0%     3.4%     0.2%
Mar 04 14:28:06    147.8    47697381      298    93.2%    295.5     0.7%     3.2%     0.1%     0.0%     3.4%     0.2%
Mar 04 14:28:07	Finished 1st pass mapping
Mar 04 14:30:36     54.8      944504      298    92.6%    295.8     0.6%     4.0%     0.1%     0.0%     3.1%     0.2%
Mar 04 14:31:36     68.3     2316015      298    92.4%    295.7     0.6%     4.0%     0.1%     0.0%     3.2%     0.2%
Mar 04 14:32:40     73.0     3771959      298    92.4%    295.7     0.6%     4.0%     0.1%     0.0%     3.3%     0.2%
Mar 04 14:33:45     76.2     5313682      298    92.4%    295.7     0.6%     4.0%     0.1%     0.0%     3.3%     0.2%
Mar 04 14:34:47     79.8     6940896      298    92.4%    295.7     0.6%     4.0%     0.1%     0.0%     3.3%     0.2%
Mar 04 14:35:48     80.8     8396978      298    92.4%    295.7     0.6%     4.0%     0.1%     0.0%     3.3%     0.2%
Mar 04 14:36:50     81.4     9852825      298    92.3%    295.7     0.6%     4.0%     0.1%     0.0%     3.3%     0.2%
Mar 04 14:37:52     81.7    11305507      298    92.3%    295.7     0.6%     4.0%     0.1%     0.0%     3.4%     0.2%
Mar 04 14:38:58     82.0    12842674      298    92.3%    295.7     0.6%     4.0%     0.1%     0.0%     3.4%     0.2%
Mar 04 14:40:02     81.0    14123984      298    92.3%    295.7     0.6%     4.0%     0.1%     0.0%     3.3%     0.2%
Mar 04 14:41:04     81.3    15576010      298    92.3%    295.7     0.6%     4.0%     0.1%     0.0%     3.3%     0.2%
Mar 04 14:42:06     81.9    17113549      298    92.3%    295.7     0.6%     4.0%     0.1%     0.0%     3.3%     0.2%
Mar 04 14:43:10     81.5    18480089      298    92.3%    295.7     0.6%     4.0%     0.1%     0.0%     3.3%     0.2%
Mar 04 14:44:12     81.7    19932249      298    92.3%    295.6     0.6%     4.0%     0.1%     0.0%     3.3%     0.2%
Mar 04 14:45:15     81.2    21213498      298    92.3%    295.6     0.6%     4.0%     0.1%     0.0%     3.3%     0.2%
Mar 04 14:46:18     81.9    22836311      298    92.3%    295.6     0.6%     4.0%     0.1%     0.0%     3.3%     0.2%
Mar 04 14:47:23     81.5    24203037      298    92.3%    295.6     0.6%     4.0%     0.1%     0.0%     3.4%     0.2%
Mar 04 14:48:27     81.5    25655159      298    92.3%    295.6     0.6%     4.0%     0.1%     0.0%     3.3%     0.2%
Mar 04 14:49:28     81.7    27107373      298    92.3%    295.6     0.6%     4.0%     0.1%     0.0%     3.3%     0.2%
Mar 04 14:50:28     81.7    28474099      298    92.3%    295.7     0.6%     4.0%     0.1%     0.0%     3.3%     0.2%
Mar 04 14:51:32     82.2    30096977      298    92.3%    295.7     0.6%     4.0%     0.1%     0.0%     3.3%     0.2%
Mar 04 14:52:39     82.4    31719689      298    92.3%    295.7     0.6%     4.0%     0.1%     0.0%     3.3%     0.2%
Mar 04 14:53:42     82.3    33086311      298    92.3%    295.7     0.6%     4.0%     0.1%     0.0%     3.3%     0.2%
Mar 04 14:54:43     82.6    34623785      298    92.3%    295.7     0.6%     4.0%     0.1%     0.0%     3.3%     0.2%
Mar 04 14:55:43     82.6    35990582      298    92.3%    295.7     0.6%     4.0%     0.1%     0.0%     3.3%     0.2%
Mar 04 14:56:43     82.4    37271836      298    92.3%    295.6     0.6%     4.0%     0.1%     0.0%     3.3%     0.2%
Mar 04 14:57:48     82.5    38809408      298    92.3%    295.6     0.6%     4.0%     0.1%     0.0%     3.3%     0.2%
Mar 04 14:58:52     82.8    40432698      298    92.3%    295.6     0.6%     4.0%     0.1%     0.0%     3.3%     0.2%
Mar 04 14:59:53     82.9    41884773      298    92.3%    295.6     0.6%     4.0%     0.1%     0.0%     3.3%     0.2%
Mar 04 15:01:06     82.8    43507765      298    92.3%    295.6     0.6%     4.0%     0.1%     0.0%     3.3%     0.2%
Mar 04 15:02:06     83.2    45130967      298    92.3%    295.6     0.6%     4.0%     0.1%     0.0%     3.3%     0.2%
Mar 04 15:03:09     83.4    46672322      298    92.3%    295.6     0.7%     4.0%     0.1%     0.0%     3.3%     0.2%
Mar 04 15:04:45     81.3    47697381      298    92.3%    295.5     0.7%     4.0%     0.1%     0.0%     3.4%     0.2%
Mar 04 15:06:14     78.1    47697381      298    92.3%    295.5     0.7%     4.0%     0.1%     0.0%     3.4%     0.2%
ALL DONE!
