                                 Started job on |	Mar 03 16:43:45
                             Started mapping on |	Mar 03 17:05:19
                                    Finished on |	Mar 03 17:43:53
       Mapping speed, Million of reads per hour |	74.21

                          Number of input reads |	47697381
                      Average input read length |	298
                                    UNIQUE READS:
                   Uniquely mapped reads number |	44026525
                        Uniquely mapped reads % |	92.30%
                          Average mapped length |	295.54
                       Number of splices: Total |	53174893
            Number of splices: Annotated (sjdb) |	53085568
                       Number of splices: GT/AG |	52504512
                       Number of splices: GC/AG |	424414
                       Number of splices: AT/AC |	33525
               Number of splices: Non-canonical |	212442
                      Mismatch rate per base, % |	0.65%
                         Deletion rate per base |	0.05%
                        Deletion average length |	2.56
                        Insertion rate per base |	0.05%
                       Insertion average length |	2.25
                             MULTI-MAPPING READS:
        Number of reads mapped to multiple loci |	1923489
             % of reads mapped to multiple loci |	4.03%
        Number of reads mapped to too many loci |	37193
             % of reads mapped to too many loci |	0.08%
                                  UNMAPPED READS:
  Number of reads unmapped: too many mismatches |	0
       % of reads unmapped: too many mismatches |	0.00%
            Number of reads unmapped: too short |	1597941
                 % of reads unmapped: too short |	3.35%
                Number of reads unmapped: other |	112233
                     % of reads unmapped: other |	0.24%
                                  CHIMERIC READS:
                       Number of chimeric reads |	0
                            % of chimeric reads |	0.00%
