           Time    Speed        Read     Read   Mapped   Mapped   Mapped   Mapped Unmapped Unmapped Unmapped Unmapped
                    M/hr      number   length   unique   length   MMrate    multi   multi+       MM    short    other
Mar 03 16:44:14	Started 1st pass mapping
Mar 03 16:44:39     12.4       85868      298    93.4%    295.8     0.6%     3.2%     0.1%     0.0%     3.1%     0.2%
Mar 03 16:45:42    119.3     2915350      298    93.3%    295.7     0.6%     3.2%     0.1%     0.0%     3.2%     0.2%
Mar 03 16:46:42    137.6     5656308      298    93.3%    295.7     0.6%     3.2%     0.1%     0.0%     3.3%     0.2%
Mar 03 16:47:42    151.3     8739542      298    93.2%    295.7     0.6%     3.2%     0.1%     0.0%     3.3%     0.2%
Mar 03 16:48:42    151.9    11305322      298    93.2%    295.7     0.6%     3.2%     0.1%     0.0%     3.4%     0.2%
Mar 03 16:49:42    151.3    13782176      298    93.2%    295.7     0.6%     3.2%     0.1%     0.0%     3.4%     0.2%
Mar 03 16:50:44    150.1    16259398      298    93.2%    295.6     0.6%     3.2%     0.1%     0.0%     3.4%     0.2%
Mar 03 16:51:45    150.9    18907379      298    93.2%    295.6     0.6%     3.2%     0.1%     0.0%     3.4%     0.2%
Mar 03 16:52:45    150.7    21384418      298    93.2%    295.6     0.6%     3.2%     0.1%     0.0%     3.4%     0.2%
Mar 03 16:53:45    151.5    24032044      298    93.2%    295.6     0.6%     3.2%     0.1%     0.0%     3.4%     0.2%
Mar 03 16:54:45    152.7    26765650      298    93.2%    295.6     0.6%     3.2%     0.1%     0.0%     3.4%     0.2%
Mar 03 16:55:47    152.4    29328076      298    93.2%    295.6     0.6%     3.2%     0.1%     0.0%     3.3%     0.2%
Mar 03 16:56:52    151.5    31890480      298    93.2%    295.7     0.6%     3.2%     0.1%     0.0%     3.3%     0.2%
Mar 03 16:57:52    151.3    34367426      298    93.2%    295.7     0.6%     3.2%     0.1%     0.0%     3.3%     0.2%
Mar 03 16:58:52    151.1    36844883      298    93.2%    295.6     0.6%     3.2%     0.1%     0.0%     3.3%     0.2%
Mar 03 16:59:56    151.3    39578434      298    93.2%    295.6     0.6%     3.2%     0.1%     0.0%     3.3%     0.2%
Mar 03 17:00:56    151.4    42141043      298    93.2%    295.6     0.6%     3.2%     0.1%     0.0%     3.3%     0.2%
Mar 03 17:01:58    151.5    44789128      298    93.2%    295.6     0.6%     3.2%     0.1%     0.0%     3.4%     0.2%
Mar 03 17:02:58    152.5    47611969      298    93.2%    295.5     0.7%     3.2%     0.1%     0.0%     3.4%     0.2%
Mar 03 17:03:42	Finished 1st pass mapping
Mar 03 17:06:21     54.8      944504      298    92.6%    295.8     0.6%     4.0%     0.1%     0.0%     3.1%     0.2%
Mar 03 17:07:22     62.8     2144639      298    92.4%    295.7     0.6%     4.0%     0.1%     0.0%     3.2%     0.2%
Mar 03 17:08:22     70.8     3600727      298    92.4%    295.7     0.6%     4.0%     0.1%     0.0%     3.3%     0.2%
Mar 03 17:09:22     76.2     5142444      298    92.4%    295.7     0.6%     4.0%     0.1%     0.0%     3.3%     0.2%
Mar 03 17:10:33     75.7     6598421      298    92.4%    295.7     0.6%     4.0%     0.1%     0.0%     3.3%     0.2%
Mar 03 17:11:35     77.1     8054500      298    92.4%    295.7     0.6%     4.0%     0.1%     0.0%     3.3%     0.2%
Mar 03 17:12:42     77.3     9510357      298    92.3%    295.7     0.6%     4.0%     0.1%     0.0%     3.3%     0.2%
Mar 03 17:13:46     77.2    10878396      298    92.3%    295.7     0.6%     4.0%     0.1%     0.0%     3.4%     0.2%
Mar 03 17:14:46     78.3    12330240      298    92.3%    295.7     0.6%     4.0%     0.1%     0.0%     3.4%     0.2%
Mar 03 17:15:47     79.0    13782267      298    92.3%    295.7     0.6%     4.0%     0.1%     0.0%     3.3%     0.2%
Mar 03 17:16:55     77.0    14892808      298    92.3%    295.7     0.6%     4.0%     0.1%     0.0%     3.3%     0.2%
Mar 03 17:17:58     77.9    16430271      298    92.3%    295.7     0.6%     4.0%     0.1%     0.0%     3.3%     0.2%
Mar 03 17:18:59     78.1    17796822      298    92.3%    295.7     0.6%     4.0%     0.1%     0.0%     3.3%     0.2%
Mar 03 17:20:03     77.7    19078159      298    92.3%    295.7     0.6%     4.0%     0.1%     0.0%     3.3%     0.2%
Mar 03 17:21:05     78.1    20530261      298    92.3%    295.6     0.6%     4.0%     0.1%     0.0%     3.3%     0.2%
Mar 03 17:22:14     77.4    21811347      298    92.3%    295.6     0.6%     4.0%     0.1%     0.0%     3.3%     0.2%
Mar 03 17:23:14     77.0    23007262      298    92.3%    295.6     0.6%     4.0%     0.1%     0.0%     3.3%     0.2%
Mar 03 17:24:22     77.3    24544658      298    92.3%    295.6     0.6%     4.0%     0.1%     0.0%     3.4%     0.2%
Mar 03 17:25:23     77.5    25911547      298    92.3%    295.6     0.6%     4.0%     0.1%     0.0%     3.3%     0.2%
Mar 03 17:26:23     78.7    27619843      298    92.3%    295.6     0.6%     4.0%     0.1%     0.0%     3.3%     0.2%
Mar 03 17:27:25     78.9    29071938      298    92.3%    295.7     0.6%     4.0%     0.1%     0.0%     3.3%     0.2%
Mar 03 17:28:25     78.8    30353173      298    92.3%    295.7     0.6%     4.0%     0.1%     0.0%     3.3%     0.2%
Mar 03 17:29:28     78.8    31719689      298    92.3%    295.7     0.6%     4.0%     0.1%     0.0%     3.3%     0.2%
Mar 03 17:30:34     78.6    33086303      298    92.3%    295.7     0.6%     4.0%     0.1%     0.0%     3.3%     0.2%
Mar 03 17:31:37     78.8    34538400      298    92.3%    295.7     0.6%     4.0%     0.1%     0.0%     3.3%     0.2%
Mar 03 17:32:39     78.6    35819645      298    92.3%    295.7     0.6%     4.0%     0.1%     0.0%     3.3%     0.2%
Mar 03 17:33:41     78.7    37186446      298    92.3%    295.6     0.6%     4.0%     0.1%     0.0%     3.3%     0.2%
Mar 03 17:34:44     79.0    38724009      298    92.3%    295.6     0.6%     4.0%     0.1%     0.0%     3.3%     0.2%
Mar 03 17:35:44     78.7    39920071      298    92.3%    295.6     0.6%     4.0%     0.1%     0.0%     3.3%     0.2%
Mar 03 17:36:47     79.1    41457609      298    92.3%    295.6     0.6%     4.0%     0.1%     0.0%     3.3%     0.2%
Mar 03 17:37:57     79.2    43080663      298    92.3%    295.6     0.6%     4.0%     0.1%     0.0%     3.3%     0.2%
Mar 03 17:38:57     79.3    44447373      298    92.3%    295.6     0.6%     4.0%     0.1%     0.0%     3.3%     0.2%
Mar 03 17:39:57     79.7    45985012      298    92.3%    295.6     0.6%     4.0%     0.1%     0.0%     3.3%     0.2%
Mar 03 17:40:57     79.7    47355690      298    92.3%    295.5     0.7%     4.0%     0.1%     0.0%     3.3%     0.2%
Mar 03 17:42:15     77.5    47697381      298    92.3%    295.5     0.7%     4.0%     0.1%     0.0%     3.4%     0.2%
Mar 03 17:43:53     74.2    47697381      298    92.3%    295.5     0.7%     4.0%     0.1%     0.0%     3.4%     0.2%
ALL DONE!
