           Time    Speed        Read     Read   Mapped   Mapped   Mapped   Mapped Unmapped Unmapped Unmapped Unmapped
                    M/hr      number   length   unique   length   MMrate    multi   multi+       MM    short    other
Mar 04 11:34:55	Started 1st pass mapping
Mar 04 11:35:24     10.7       86229      298    93.6%    296.3     0.6%     3.0%     0.1%     0.0%     3.2%     0.1%
Mar 04 11:36:25    102.8     2569757      298    93.3%    296.2     0.6%     3.2%     0.1%     0.0%     3.3%     0.1%
Mar 04 11:37:28    120.9     5136595      298    93.3%    296.2     0.6%     3.1%     0.1%     0.0%     3.4%     0.1%
Mar 04 11:38:36    126.9     7788722      298    93.2%    296.2     0.6%     3.2%     0.1%     0.0%     3.4%     0.1%
Mar 04 11:39:36    135.9    10610232      298    93.2%    296.1     0.6%     3.2%     0.1%     0.0%     3.4%     0.1%
Mar 04 11:40:36    139.0    13169924      298    93.2%    296.1     0.6%     3.2%     0.1%     0.0%     3.4%     0.1%
Mar 04 11:41:37    142.4    15900061      298    93.2%    296.1     0.6%     3.2%     0.1%     0.0%     3.4%     0.1%
Mar 04 11:42:37    144.5    18544913      298    93.2%    296.1     0.6%     3.2%     0.1%     0.0%     3.4%     0.1%
Mar 04 11:43:37    145.0    21019223      298    93.2%    296.1     0.6%     3.2%     0.1%     0.0%     3.4%     0.1%
Mar 04 11:44:37    146.4    23664080      298    93.2%    296.1     0.6%     3.2%     0.1%     0.0%     3.4%     0.1%
Mar 04 11:45:40    144.9    25967898      298    93.2%    296.1     0.6%     3.2%     0.1%     0.0%     3.4%     0.1%
Mar 04 11:46:40    145.7    28527624      298    93.2%    296.1     0.6%     3.2%     0.1%     0.0%     3.4%     0.1%
Mar 04 11:47:44    145.1    31001817      298    93.2%    296.1     0.6%     3.2%     0.1%     0.0%     3.4%     0.1%
Mar 04 11:48:45    146.3    33731820      298    93.2%    296.1     0.6%     3.2%     0.1%     0.0%     3.4%     0.1%
Mar 04 11:49:45    147.1    36376945      298    93.2%    296.1     0.6%     3.2%     0.1%     0.0%     3.4%     0.1%
Mar 04 11:50:46    147.4    38936770      298    93.2%    296.1     0.6%     3.2%     0.1%     0.0%     3.4%     0.1%
Mar 04 11:51:47    147.3    41411089      298    93.2%    296.1     0.6%     3.2%     0.1%     0.0%     3.4%     0.1%
Mar 04 11:52:47    146.8    43714807      298    93.2%    296.1     0.6%     3.2%     0.1%     0.0%     3.4%     0.1%
Mar 04 11:53:47    147.7    46445277      298    93.2%    296.0     0.6%     3.2%     0.1%     0.0%     3.4%     0.1%
Mar 04 11:54:26	Finished 1st pass mapping
Mar 04 11:56:54     45.6      772363      298    92.5%    296.3     0.6%     4.0%     0.1%     0.0%     3.2%     0.2%
Mar 04 11:57:55     63.2     2141969      298    92.4%    296.2     0.6%     4.0%     0.1%     0.0%     3.3%     0.2%
Mar 04 11:58:57     65.3     3339870      298    92.4%    296.2     0.6%     4.0%     0.1%     0.0%     3.3%     0.2%
Mar 04 11:59:57     68.2     4623031      298    92.4%    296.2     0.6%     4.0%     0.1%     0.0%     3.3%     0.2%
Mar 04 12:00:57     71.0     5992109      298    92.3%    296.2     0.6%     4.0%     0.1%     0.0%     3.4%     0.2%
Mar 04 12:02:02     71.8     7360923      298    92.3%    296.2     0.6%     4.0%     0.1%     0.0%     3.3%     0.2%
Mar 04 12:03:02     72.5     8644285      298    92.3%    296.2     0.6%     4.0%     0.1%     0.0%     3.4%     0.2%
Mar 04 12:04:02     73.1     9927522      298    92.3%    296.1     0.6%     4.0%     0.1%     0.0%     3.4%     0.2%
Mar 04 12:05:02     75.2    11463446      298    92.3%    296.1     0.6%     4.0%     0.1%     0.0%     3.4%     0.2%
Mar 04 12:06:03     76.7    12999147      298    92.3%    296.1     0.6%     4.0%     0.1%     0.0%     3.4%     0.2%
Mar 04 12:07:05     77.4    14449546      298    92.3%    296.1     0.6%     4.0%     0.1%     0.0%     3.4%     0.2%
Mar 04 12:08:09     78.6    16070623      298    92.3%    296.1     0.6%     4.0%     0.1%     0.0%     3.4%     0.2%
Mar 04 12:09:09     78.9    17435810      298    92.3%    296.1     0.6%     4.0%     0.1%     0.0%     3.4%     0.2%
Mar 04 12:10:12     79.2    18886252      298    92.3%    296.1     0.6%     4.0%     0.1%     0.0%     3.4%     0.2%
Mar 04 12:11:14     79.8    20421998      298    92.3%    296.1     0.6%     4.0%     0.1%     0.0%     3.4%     0.2%
Mar 04 12:12:14     80.0    21787028      298    92.3%    296.1     0.6%     4.0%     0.1%     0.0%     3.4%     0.2%
Mar 04 12:13:16     79.9    23152050      298    92.3%    296.1     0.6%     4.0%     0.1%     0.0%     3.4%     0.2%
Mar 04 12:14:21     79.7    24517393      298    92.3%    296.1     0.6%     4.0%     0.1%     0.0%     3.4%     0.2%
Mar 04 12:15:24     79.6    25882614      298    92.3%    296.1     0.6%     4.0%     0.1%     0.0%     3.4%     0.2%
Mar 04 12:16:25     80.1    27418493      298    92.3%    296.1     0.6%     4.0%     0.1%     0.0%     3.4%     0.2%
Mar 04 12:17:27     80.1    28783675      298    92.3%    296.1     0.6%     4.0%     0.1%     0.0%     3.4%     0.2%
Mar 04 12:18:29     80.0    30148600      298    92.3%    296.1     0.6%     4.0%     0.1%     0.0%     3.4%     0.2%
Mar 04 12:19:31     79.8    31428453      298    92.3%    296.1     0.6%     4.0%     0.1%     0.0%     3.4%     0.2%
Mar 04 12:20:36     80.4    33134641      298    92.3%    296.1     0.6%     4.0%     0.1%     0.0%     3.4%     0.2%
Mar 04 12:21:36     80.5    34499772      298    92.3%    296.1     0.6%     4.0%     0.1%     0.0%     3.4%     0.2%
Mar 04 12:22:39     81.0    36120917      298    92.3%    296.1     0.6%     4.0%     0.1%     0.0%     3.4%     0.2%
Mar 04 12:23:48     80.9    37656923      298    92.3%    296.1     0.6%     4.0%     0.1%     0.0%     3.4%     0.2%
Mar 04 12:24:51     80.8    39022065      298    92.3%    296.1     0.6%     4.0%     0.1%     0.0%     3.4%     0.2%
Mar 04 12:25:52     80.8    40387208      298    92.3%    296.1     0.6%     4.0%     0.1%     0.0%     3.4%     0.2%
Mar 04 12:26:52     80.5    41581877      298    92.3%    296.1     0.6%     4.0%     0.1%     0.0%     3.4%     0.2%
Mar 04 12:27:55     80.3    42861505      298    92.3%    296.1     0.6%     4.0%     0.1%     0.0%     3.4%     0.2%
Mar 04 12:28:55     80.0    44056168      298    92.3%    296.1     0.6%     4.0%     0.1%     0.0%     3.4%     0.2%
Mar 04 12:29:59     79.8    45335814      298    92.3%    296.0     0.6%     4.0%     0.1%     0.0%     3.4%     0.2%
Mar 04 12:30:59     80.0    46786639      298    92.3%    296.0     0.6%     4.0%     0.1%     0.0%     3.4%     0.2%
Mar 04 12:33:21     77.1    48173322      298    92.3%    296.0     0.6%     4.0%     0.1%     0.0%     3.4%     0.2%
ALL DONE!
