           Time    Speed        Read     Read   Mapped   Mapped   Mapped   Mapped Unmapped Unmapped Unmapped Unmapped
                    M/hr      number   length   unique   length   MMrate    multi   multi+       MM    short    other
Mar 03 16:44:57	Started 1st pass mapping
Mar 03 16:45:29      9.6       85765      298    93.4%    296.3     0.6%     3.2%     0.1%     0.0%     3.1%     0.1%
Mar 03 16:46:32     94.1     2484236      298    93.3%    296.2     0.6%     3.2%     0.1%     0.0%     3.3%     0.1%
Mar 03 16:47:33    106.7     4623141      298    93.3%    296.1     0.6%     3.1%     0.1%     0.0%     3.4%     0.1%
Mar 03 16:48:33    107.0     6419915      298    93.3%    296.2     0.6%     3.2%     0.1%     0.0%     3.4%     0.1%
Mar 03 16:49:33    112.8     8644387      298    93.2%    296.2     0.6%     3.2%     0.1%     0.0%     3.4%     0.1%
Mar 03 16:50:35    113.0    10610228      298    93.2%    296.1     0.6%     3.2%     0.1%     0.0%     3.4%     0.1%
Mar 03 16:51:36    118.1    13084445      298    93.2%    296.1     0.6%     3.2%     0.1%     0.0%     3.4%     0.1%
Mar 03 16:52:39    117.9    15132198      298    93.2%    296.1     0.6%     3.2%     0.1%     0.0%     3.4%     0.1%
Mar 03 16:53:40    120.0    17435810      298    93.2%    296.1     0.6%     3.2%     0.1%     0.0%     3.4%     0.1%
Mar 03 16:54:41    121.2    19654009      298    93.2%    296.1     0.6%     3.2%     0.1%     0.0%     3.4%     0.1%
Mar 03 16:55:41    122.3    21872314      298    93.2%    296.1     0.6%     3.2%     0.1%     0.0%     3.4%     0.1%
Mar 03 16:56:42    122.1    23920138      298    93.2%    296.1     0.6%     3.2%     0.1%     0.0%     3.4%     0.1%
Mar 03 16:57:42    121.4    25797331      298    93.2%    296.1     0.6%     3.2%     0.1%     0.0%     3.4%     0.1%
Mar 03 16:58:43    122.1    28015712      298    93.2%    296.1     0.6%     3.2%     0.1%     0.0%     3.4%     0.1%
Mar 03 16:59:45    121.9    30063317      298    93.2%    296.1     0.6%     3.2%     0.1%     0.0%     3.4%     0.1%
Mar 03 17:00:47    121.7    32110866      298    93.2%    296.1     0.6%     3.2%     0.1%     0.0%     3.4%     0.1%
Mar 03 17:01:47    123.3    34585050      298    93.2%    296.1     0.6%     3.2%     0.1%     0.0%     3.4%     0.1%
Mar 03 17:02:47    122.7    36462256      298    93.2%    296.1     0.6%     3.2%     0.1%     0.0%     3.4%     0.1%
Mar 03 17:03:53    122.9    38766165      298    93.2%    296.1     0.6%     3.2%     0.1%     0.0%     3.4%     0.1%
Mar 03 17:04:55    122.6    40813701      298    93.2%    296.1     0.6%     3.2%     0.1%     0.0%     3.4%     0.1%
Mar 03 17:05:58    122.9    43032271      298    93.2%    296.1     0.6%     3.2%     0.1%     0.0%     3.4%     0.1%
Mar 03 17:06:58    124.0    45506544      298    93.2%    296.0     0.6%     3.2%     0.1%     0.0%     3.4%     0.1%
Mar 03 17:07:58    124.2    47661329      298    93.2%    296.0     0.6%     3.2%     0.1%     0.0%     3.4%     0.1%
Mar 03 17:08:12	Finished 1st pass mapping
Mar 03 17:10:43     10.2      172036      298    92.6%    296.3     0.6%     4.0%     0.1%     0.0%     3.1%     0.2%
Mar 03 17:11:46     44.8     1543263      298    92.5%    296.3     0.6%     4.0%     0.1%     0.0%     3.2%     0.2%
Mar 03 17:12:48     49.7     2569757      298    92.4%    296.2     0.6%     4.0%     0.1%     0.0%     3.3%     0.2%
Mar 03 17:13:55     52.4     3681985      298    92.4%    296.2     0.6%     4.0%     0.1%     0.0%     3.3%     0.2%
Mar 03 17:15:01     56.0     4965406      298    92.3%    296.2     0.6%     4.0%     0.1%     0.0%     3.3%     0.2%
Mar 03 17:16:09     58.1     6248750      298    92.3%    296.2     0.6%     4.0%     0.1%     0.0%     3.3%     0.2%
Mar 03 17:17:12     60.3     7532084      298    92.3%    296.2     0.6%     4.0%     0.1%     0.0%     3.4%     0.2%
Mar 03 17:18:13     59.7     8473241      298    92.3%    296.2     0.6%     4.0%     0.1%     0.0%     3.4%     0.2%
Mar 03 17:19:21     60.1     9670984      298    92.3%    296.1     0.6%     4.0%     0.1%     0.0%     3.4%     0.2%
Mar 03 17:20:25     61.8    11036852      298    92.3%    296.1     0.6%     4.0%     0.1%     0.0%     3.4%     0.2%
Mar 03 17:21:31     62.5    12316652      298    92.3%    296.1     0.6%     4.0%     0.1%     0.0%     3.4%     0.2%
Mar 03 17:22:39     63.4    13681616      298    92.3%    296.1     0.6%     4.0%     0.1%     0.0%     3.4%     0.2%
Mar 03 17:23:49     64.0    15046791      298    92.3%    296.1     0.6%     4.0%     0.1%     0.0%     3.4%     0.2%
Mar 03 17:24:54     64.8    16411989      298    92.3%    296.1     0.6%     4.0%     0.1%     0.0%     3.4%     0.2%
Mar 03 17:25:54     65.2    17606387      298    92.3%    296.1     0.6%     4.0%     0.1%     0.0%     3.4%     0.2%
Mar 03 17:26:59     65.6    18886252      298    92.3%    296.1     0.6%     4.0%     0.1%     0.0%     3.4%     0.2%
Mar 03 17:28:03     65.9    20165978      298    92.3%    296.1     0.6%     4.0%     0.1%     0.0%     3.4%     0.2%
Mar 03 17:29:09     65.9    21360414      298    92.3%    296.1     0.6%     4.0%     0.1%     0.0%     3.4%     0.2%
Mar 03 17:30:12     66.3    22640063      298    92.3%    296.1     0.6%     4.0%     0.1%     0.0%     3.4%     0.2%
Mar 03 17:31:15     66.4    23834709      298    92.3%    296.1     0.6%     4.0%     0.1%     0.0%     3.4%     0.2%
Mar 03 17:32:17     66.3    24943884      298    92.3%    296.1     0.6%     4.0%     0.1%     0.0%     3.4%     0.2%
Mar 03 17:33:17     65.8    25882614      298    92.3%    296.1     0.6%     4.0%     0.1%     0.0%     3.4%     0.2%
Mar 03 17:34:19     66.0    27077144      298    92.3%    296.1     0.6%     4.0%     0.1%     0.0%     3.4%     0.2%
Mar 03 17:35:25     66.2    28357041      298    92.3%    296.1     0.6%     4.0%     0.1%     0.0%     3.4%     0.2%
Mar 03 17:36:30     66.2    29551588      298    92.3%    296.1     0.6%     4.0%     0.1%     0.0%     3.4%     0.2%
Mar 03 17:37:34     66.0    30660700      298    92.3%    296.1     0.6%     4.0%     0.1%     0.0%     3.4%     0.2%
Mar 03 17:38:39     66.0    31855034      298    92.3%    296.1     0.6%     4.0%     0.1%     0.0%     3.4%     0.2%
Mar 03 17:39:46     66.3    33220021      298    92.3%    296.1     0.6%     4.0%     0.1%     0.0%     3.4%     0.2%
Mar 03 17:40:49     66.5    34499766      298    92.3%    296.1     0.6%     4.0%     0.1%     0.0%     3.4%     0.2%
Mar 03 17:41:49     66.8    35779550      298    92.3%    296.1     0.6%     4.0%     0.1%     0.0%     3.4%     0.2%
Mar 03 17:42:52     66.7    36888839      298    92.3%    296.1     0.6%     4.0%     0.1%     0.0%     3.4%     0.2%
Mar 03 17:43:53     66.8    38083634      298    92.3%    296.1     0.6%     4.0%     0.1%     0.0%     3.4%     0.2%
Mar 03 17:44:56     67.0    39363406      298    92.3%    296.1     0.6%     4.0%     0.1%     0.0%     3.4%     0.2%
Mar 03 17:45:56     67.0    40472501      298    92.3%    296.1     0.6%     4.0%     0.1%     0.0%     3.4%     0.2%
Mar 03 17:46:57     67.4    41837759      298    92.3%    296.1     0.6%     4.0%     0.1%     0.0%     3.4%     0.2%
Mar 03 17:47:59     67.3    42946909      298    92.3%    296.1     0.6%     4.0%     0.1%     0.0%     3.4%     0.2%
Mar 03 17:49:01     67.4    44141518      298    92.3%    296.1     0.6%     4.0%     0.1%     0.0%     3.4%     0.2%
Mar 03 17:50:02     67.4    45335814      298    92.3%    296.0     0.6%     4.0%     0.1%     0.0%     3.4%     0.2%
Mar 03 17:51:03     67.8    46701344      298    92.3%    296.0     0.6%     4.0%     0.1%     0.0%     3.4%     0.2%
Mar 03 17:53:31     66.0    48173322      298    92.3%    296.0     0.6%     4.0%     0.1%     0.0%     3.4%     0.2%
ALL DONE!
