                                 Started job on |	Mar 03 16:43:45
                             Started mapping on |	Mar 03 17:09:42
                                    Finished on |	Mar 03 17:53:31
       Mapping speed, Million of reads per hour |	65.97

                          Number of input reads |	48173322
                      Average input read length |	298
                                    UNIQUE READS:
                   Uniquely mapped reads number |	44447995
                        Uniquely mapped reads % |	92.27%
                          Average mapped length |	295.99
                       Number of splices: Total |	54173338
            Number of splices: Annotated (sjdb) |	54084728
                       Number of splices: GT/AG |	53524514
                       Number of splices: GC/AG |	421715
                       Number of splices: AT/AC |	31792
               Number of splices: Non-canonical |	195317
                      Mismatch rate per base, % |	0.64%
                         Deletion rate per base |	0.05%
                        Deletion average length |	2.62
                        Insertion rate per base |	0.04%
                       Insertion average length |	2.16
                             MULTI-MAPPING READS:
        Number of reads mapped to multiple loci |	1929766
             % of reads mapped to multiple loci |	4.01%
        Number of reads mapped to too many loci |	45648
             % of reads mapped to too many loci |	0.09%
                                  UNMAPPED READS:
  Number of reads unmapped: too many mismatches |	0
       % of reads unmapped: too many mismatches |	0.00%
            Number of reads unmapped: too short |	1642888
                 % of reads unmapped: too short |	3.41%
                Number of reads unmapped: other |	107025
                     % of reads unmapped: other |	0.22%
                                  CHIMERIC READS:
                       Number of chimeric reads |	0
                            % of chimeric reads |	0.00%
