                                 Started job on |	Mar 04 15:15:30
                             Started mapping on |	Mar 04 15:36:14
                                    Finished on |	Mar 04 16:11:27
       Mapping speed, Million of reads per hour |	71.54

                          Number of input reads |	41992792
                      Average input read length |	297
                                    UNIQUE READS:
                   Uniquely mapped reads number |	38940378
                        Uniquely mapped reads % |	92.73%
                          Average mapped length |	294.98
                       Number of splices: Total |	48191411
            Number of splices: Annotated (sjdb) |	48116168
                       Number of splices: GT/AG |	47624627
                       Number of splices: GC/AG |	372170
                       Number of splices: AT/AC |	27026
               Number of splices: Non-canonical |	167588
                      Mismatch rate per base, % |	0.57%
                         Deletion rate per base |	0.05%
                        Deletion average length |	2.57
                        Insertion rate per base |	0.04%
                       Insertion average length |	2.12
                             MULTI-MAPPING READS:
        Number of reads mapped to multiple loci |	1662547
             % of reads mapped to multiple loci |	3.96%
        Number of reads mapped to too many loci |	38910
             % of reads mapped to too many loci |	0.09%
                                  UNMAPPED READS:
  Number of reads unmapped: too many mismatches |	0
       % of reads unmapped: too many mismatches |	0.00%
            Number of reads unmapped: too short |	1247845
                 % of reads unmapped: too short |	2.97%
                Number of reads unmapped: other |	103112
                     % of reads unmapped: other |	0.25%
                                  CHIMERIC READS:
                       Number of chimeric reads |	0
                            % of chimeric reads |	0.00%
