           Time    Speed        Read     Read   Mapped   Mapped   Mapped   Mapped Unmapped Unmapped Unmapped Unmapped
                    M/hr      number   length   unique   length   MMrate    multi   multi+       MM    short    other
Mar 15 13:04:57	Started 1st pass mapping
Mar 15 13:05:25     11.1       86146      297    93.5%    295.2     0.5%     3.1%     0.1%     0.0%     3.2%     0.1%
Mar 15 13:06:34     92.5     2493186      297    93.4%    295.2     0.5%     3.1%     0.1%     0.0%     3.3%     0.1%
Mar 15 13:07:39    105.0     4726212      297    93.3%    295.1     0.5%     3.1%     0.1%     0.0%     3.3%     0.1%
Mar 15 13:08:39    110.1     6787562      297    93.4%    295.1     0.5%     3.1%     0.1%     0.0%     3.2%     0.1%
Mar 15 13:09:39    117.4     9193170      297    93.5%    295.1     0.5%     3.1%     0.1%     0.0%     3.2%     0.1%
Mar 15 13:10:44    120.3    11593861      297    93.5%    295.1     0.5%     3.1%     0.1%     0.0%     3.1%     0.1%
Mar 15 13:11:49    122.3    13992421      297    93.6%    295.1     0.5%     3.1%     0.1%     0.0%     3.1%     0.1%
Mar 15 13:12:50    126.1    16562621      297    93.6%    295.0     0.6%     3.1%     0.1%     0.0%     3.1%     0.1%
Mar 15 13:13:50    129.2    19132564      297    93.6%    295.0     0.6%     3.1%     0.1%     0.0%     3.1%     0.1%
Mar 15 13:14:56    129.4    21531330      297    93.6%    295.0     0.6%     3.1%     0.1%     0.0%     3.0%     0.1%
Mar 15 13:15:57    130.5    23930300      297    93.6%    295.0     0.6%     3.1%     0.1%     0.0%     3.0%     0.1%
Mar 15 13:17:01    129.6    26071881      297    93.6%    295.0     0.6%     3.1%     0.1%     0.0%     3.0%     0.1%
Mar 15 13:18:06    128.7    28213036      297    93.6%    295.0     0.6%     3.1%     0.1%     0.0%     3.0%     0.1%
Mar 15 13:19:09    129.3    30611237      297    93.6%    295.0     0.6%     3.1%     0.1%     0.0%     3.0%     0.1%
Mar 15 13:20:09    131.0    33181077      297    93.6%    295.0     0.6%     3.1%     0.1%     0.0%     3.0%     0.1%
Mar 15 13:21:18    130.9    35665598      297    93.6%    294.9     0.6%     3.1%     0.1%     0.0%     3.0%     0.1%
Mar 15 13:22:20    131.7    38149686      297    93.6%    295.0     0.6%     3.1%     0.1%     0.0%     3.0%     0.1%
Mar 15 13:23:22    131.5    40376636      297    93.6%    295.0     0.6%     3.1%     0.1%     0.0%     3.0%     0.1%
Mar 15 13:24:28    128.8    41907161      297    93.6%    295.0     0.6%     3.1%     0.1%     0.0%     3.0%     0.1%
Mar 15 13:24:37	Finished 1st pass mapping
Mar 15 13:27:04     36.2      603046      297    92.5%    295.2     0.5%     3.9%     0.1%     0.0%     3.3%     0.2%
Mar 15 13:28:09     61.9     2149683      297    92.5%    295.2     0.5%     3.9%     0.1%     0.0%     3.3%     0.2%
Mar 15 13:29:09     65.2     3351925      297    92.5%    295.2     0.5%     3.9%     0.1%     0.0%     3.3%     0.2%
Mar 15 13:30:11     62.6     4296609      297    92.4%    295.1     0.5%     3.9%     0.1%     0.0%     3.3%     0.2%
Mar 15 13:31:15     63.7     5499069      297    92.4%    295.1     0.5%     4.0%     0.1%     0.0%     3.3%     0.2%
Mar 15 13:32:15     65.0     6701673      297    92.5%    295.1     0.5%     4.0%     0.1%     0.0%     3.2%     0.2%
Mar 15 13:33:16     67.3     8076359      297    92.6%    295.1     0.5%     4.0%     0.1%     0.0%     3.2%     0.2%
Mar 15 13:34:18     67.6     9279062      297    92.6%    295.1     0.5%     4.0%     0.1%     0.0%     3.1%     0.2%
Mar 15 13:35:21     68.8    10651663      297    92.6%    295.1     0.5%     4.0%     0.1%     0.0%     3.1%     0.2%
Mar 15 13:36:24     68.8    11850881      297    92.6%    295.1     0.5%     4.0%     0.1%     0.0%     3.1%     0.2%
Mar 15 13:37:26     70.7    13392776      297    92.7%    295.1     0.5%     4.0%     0.1%     0.0%     3.1%     0.2%
Mar 15 13:38:27     72.4    14934976      297    92.7%    295.1     0.6%     4.0%     0.1%     0.0%     3.0%     0.2%
Mar 15 13:39:27     72.7    16219958      297    92.7%    295.1     0.6%     4.0%     0.1%     0.0%     3.0%     0.2%
Mar 15 13:40:27     73.4    17590604      297    92.7%    295.1     0.6%     4.0%     0.1%     0.0%     3.0%     0.2%
Mar 15 13:41:27     74.0    18961298      297    92.7%    295.0     0.6%     4.0%     0.1%     0.0%     3.0%     0.2%
Mar 15 13:42:35     73.5    20246389      297    92.7%    295.0     0.6%     4.0%     0.1%     0.0%     3.0%     0.2%
Mar 15 13:43:37     74.2    21702704      297    92.7%    295.0     0.6%     4.0%     0.1%     0.0%     3.0%     0.2%
Mar 15 13:44:37     74.4    22987894      297    92.7%    295.0     0.6%     4.0%     0.1%     0.0%     3.0%     0.2%
Mar 15 13:45:40     74.3    24272954      297    92.7%    295.0     0.6%     4.0%     0.1%     0.0%     3.0%     0.2%
Mar 15 13:46:48     74.0    25557853      297    92.7%    295.0     0.6%     4.0%     0.1%     0.0%     3.0%     0.2%
Mar 15 13:47:57     73.4    26757027      297    92.7%    295.0     0.6%     4.0%     0.1%     0.0%     3.0%     0.2%
Mar 15 13:48:57     72.9    27784873      297    92.7%    295.0     0.6%     4.0%     0.1%     0.0%     3.0%     0.2%
Mar 15 13:50:04     72.9    29155362      297    92.7%    295.0     0.6%     4.0%     0.1%     0.0%     3.0%     0.2%
Mar 15 13:51:04     72.9    30354387      297    92.7%    295.0     0.6%     4.0%     0.1%     0.0%     3.0%     0.2%
Mar 15 13:52:07     73.5    31896101      297    92.7%    295.0     0.6%     4.0%     0.1%     0.0%     3.0%     0.2%
Mar 15 13:53:08     73.7    33266748      297    92.7%    295.0     0.6%     4.0%     0.1%     0.0%     3.0%     0.2%
Mar 15 13:54:08     74.2    34723096      297    92.7%    295.0     0.6%     4.0%     0.1%     0.0%     3.0%     0.2%
Mar 15 13:55:08     74.3    36008164      297    92.7%    295.0     0.6%     4.0%     0.1%     0.0%     3.0%     0.2%
Mar 15 13:56:08     74.6    37378875      297    92.7%    295.0     0.6%     4.0%     0.1%     0.0%     3.0%     0.2%
Mar 15 13:57:08     74.7    38663749      297    92.7%    295.0     0.6%     4.0%     0.1%     0.0%     3.0%     0.2%
Mar 15 13:58:09     74.7    39948316      297    92.7%    295.0     0.6%     4.0%     0.1%     0.0%     3.0%     0.2%
Mar 15 13:59:10     74.4    41061950      297    92.7%    295.0     0.6%     4.0%     0.1%     0.0%     3.0%     0.2%
Mar 15 14:00:22     73.3    41907161      297    92.7%    295.0     0.6%     4.0%     0.1%     0.0%     3.0%     0.2%
Mar 15 14:01:26     71.2    41992792      297    92.7%    295.0     0.6%     4.0%     0.1%     0.0%     3.0%     0.2%
Mar 15 14:02:37     68.9    41992792      297    92.7%    295.0     0.6%     4.0%     0.1%     0.0%     3.0%     0.2%
ALL DONE!
