           Time    Speed        Read     Read   Mapped   Mapped   Mapped   Mapped Unmapped Unmapped Unmapped Unmapped
                    M/hr      number   length   unique   length   MMrate    multi   multi+       MM    short    other
Mar 03 16:44:14	Started 1st pass mapping
Mar 03 16:44:44     10.3       86146      297    93.5%    295.2     0.5%     3.1%     0.1%     0.0%     3.2%     0.1%
Mar 03 16:45:50     93.5     2493186      297    93.4%    295.2     0.5%     3.1%     0.1%     0.0%     3.3%     0.1%
Mar 03 16:46:50    107.1     4640363      297    93.3%    295.1     0.5%     3.1%     0.1%     0.0%     3.3%     0.1%
Mar 03 16:47:51    106.9     6444035      297    93.4%    295.1     0.5%     3.1%     0.1%     0.0%     3.3%     0.1%
Mar 03 16:48:54    108.3     8420003      297    93.5%    295.1     0.5%     3.1%     0.1%     0.0%     3.2%     0.1%
Mar 03 16:49:59    110.3    10566027      297    93.5%    295.1     0.5%     3.1%     0.1%     0.0%     3.1%     0.1%
Mar 03 16:50:59    111.4    12536062      297    93.6%    295.1     0.5%     3.1%     0.1%     0.0%     3.1%     0.1%
Mar 03 16:51:59    113.6    14677783      297    93.6%    295.1     0.5%     3.1%     0.1%     0.0%     3.1%     0.1%
Mar 03 16:52:59    114.2    16648269      297    93.6%    295.0     0.6%     3.1%     0.1%     0.0%     3.1%     0.1%
Mar 03 16:53:59    115.6    18790033      297    93.6%    295.0     0.6%     3.1%     0.1%     0.0%     3.1%     0.1%
Mar 03 16:54:59    115.9    20760333      297    93.6%    295.0     0.6%     3.1%     0.1%     0.0%     3.0%     0.1%
Mar 03 16:56:05    115.5    22816631      297    93.6%    295.0     0.6%     3.1%     0.1%     0.0%     3.0%     0.1%
Mar 03 16:57:09    115.5    24872574      297    93.6%    295.0     0.6%     3.1%     0.1%     0.0%     3.0%     0.1%
Mar 03 16:58:10    114.5    26585709      297    93.6%    295.0     0.6%     3.1%     0.1%     0.0%     3.0%     0.1%
Mar 03 16:59:10    113.7    28298776      297    93.6%    295.0     0.6%     3.1%     0.1%     0.0%     3.0%     0.1%
Mar 03 17:00:11    114.8    30525639      297    93.6%    295.0     0.6%     3.1%     0.1%     0.0%     3.0%     0.1%
Mar 03 17:01:12    115.8    32752716      297    93.7%    295.0     0.6%     3.1%     0.1%     0.0%     3.0%     0.1%
Mar 03 17:02:14    114.9    34466009      297    93.6%    295.0     0.6%     3.1%     0.1%     0.0%     3.0%     0.1%
Mar 03 17:03:19    115.9    36864857      297    93.6%    295.0     0.6%     3.1%     0.1%     0.0%     3.0%     0.1%
Mar 03 17:04:19    115.8    38749318      297    93.6%    295.0     0.6%     3.1%     0.1%     0.0%     3.0%     0.1%
Mar 03 17:05:22    115.4    40633545      297    93.6%    295.0     0.6%     3.1%     0.1%     0.0%     3.0%     0.1%
Mar 03 17:06:25    113.3    41907161      297    93.6%    295.0     0.6%     3.1%     0.1%     0.0%     3.0%     0.1%
Mar 03 17:06:34	Finished 1st pass mapping
Mar 03 17:09:05      9.8      172256      297    92.6%    295.2     0.5%     4.0%     0.1%     0.0%     3.2%     0.2%
Mar 03 17:10:08     39.3     1376892      297    92.5%    295.1     0.5%     3.9%     0.1%     0.0%     3.3%     0.2%
Mar 03 17:11:12     47.2     2493186      297    92.5%    295.2     0.5%     3.9%     0.1%     0.0%     3.3%     0.2%
Mar 03 17:12:18     50.8     3609592      297    92.4%    295.1     0.5%     3.9%     0.1%     0.0%     3.3%     0.2%
Mar 03 17:13:32     50.6     4640088      297    92.4%    295.1     0.5%     3.9%     0.1%     0.0%     3.3%     0.2%
Mar 03 17:14:39     53.0     5842789      297    92.5%    295.1     0.5%     4.0%     0.1%     0.0%     3.2%     0.2%
Mar 03 17:15:39     56.2     7131337      297    92.5%    295.1     0.5%     4.0%     0.1%     0.0%     3.2%     0.2%
Mar 03 17:16:41     57.2     8248136      297    92.6%    295.1     0.5%     4.0%     0.1%     0.0%     3.2%     0.2%
Mar 03 17:17:49     57.4     9364957      297    92.6%    295.1     0.5%     4.0%     0.1%     0.0%     3.1%     0.2%
Mar 03 17:18:56     59.1    10737373      297    92.6%    295.1     0.5%     4.0%     0.1%     0.0%     3.1%     0.2%
Mar 03 17:20:06     58.9    11850881      297    92.6%    295.1     0.5%     4.0%     0.1%     0.0%     3.1%     0.2%
Mar 03 17:21:07     60.2    13135912      297    92.7%    295.1     0.5%     4.0%     0.1%     0.0%     3.1%     0.2%
Mar 03 17:22:08     61.0    14335112      297    92.7%    295.1     0.6%     4.0%     0.1%     0.0%     3.0%     0.2%
Mar 03 17:23:10     61.9    15620215      297    92.7%    295.1     0.6%     4.0%     0.1%     0.0%     3.0%     0.2%
Mar 03 17:24:16     62.2    16819554      297    92.7%    295.1     0.6%     4.0%     0.1%     0.0%     3.0%     0.2%
Mar 03 17:25:19     62.6    18018994      297    92.7%    295.0     0.6%     4.0%     0.1%     0.0%     3.0%     0.2%
Mar 03 17:26:19     63.1    19218268      297    92.7%    295.0     0.6%     4.0%     0.1%     0.0%     3.0%     0.2%
Mar 03 17:27:19     63.3    20332041      297    92.7%    295.0     0.6%     4.0%     0.1%     0.0%     3.0%     0.2%
Mar 03 17:28:26     63.8    21702704      297    92.7%    295.0     0.6%     4.0%     0.1%     0.0%     3.0%     0.2%
Mar 03 17:29:26     64.2    22902148      297    92.7%    295.0     0.6%     4.0%     0.1%     0.0%     3.0%     0.2%
Mar 03 17:30:26     64.3    24015949      297    92.7%    295.0     0.6%     4.0%     0.1%     0.0%     3.0%     0.2%
Mar 03 17:31:29     64.1    25043841      297    92.7%    295.0     0.6%     4.0%     0.1%     0.0%     3.0%     0.2%
Mar 03 17:32:29     63.6    25900502      297    92.7%    295.0     0.6%     4.0%     0.1%     0.0%     3.0%     0.2%
Mar 03 17:33:29     63.1    26757027      297    92.7%    295.0     0.6%     4.0%     0.1%     0.0%     3.0%     0.2%
Mar 03 17:34:35     62.8    27784873      297    92.7%    295.0     0.6%     4.0%     0.1%     0.0%     3.0%     0.2%
Mar 03 17:35:40     62.9    28983932      297    92.7%    295.0     0.6%     4.0%     0.1%     0.0%     3.0%     0.2%
Mar 03 17:36:47     63.0    30183097      297    92.7%    295.0     0.6%     4.0%     0.1%     0.0%     3.0%     0.2%
Mar 03 17:37:51     63.2    31382302      297    92.7%    295.0     0.6%     4.0%     0.1%     0.0%     3.0%     0.2%
Mar 03 17:38:53     63.4    32581448      297    92.7%    295.0     0.6%     4.0%     0.1%     0.0%     3.0%     0.2%
Mar 03 17:39:56     63.7    33866466      297    92.7%    295.0     0.6%     4.0%     0.1%     0.0%     3.0%     0.2%
Mar 03 17:40:57     63.9    35065846      297    92.7%    295.0     0.6%     4.0%     0.1%     0.0%     3.0%     0.2%
Mar 03 17:41:58     63.8    36093789      297    92.7%    295.0     0.6%     4.0%     0.1%     0.0%     3.0%     0.2%
Mar 03 17:42:58     63.8    37121878      297    92.7%    295.0     0.6%     4.0%     0.1%     0.0%     3.0%     0.2%
Mar 03 17:44:00     63.9    38320973      297    92.7%    295.0     0.6%     4.0%     0.1%     0.0%     3.0%     0.2%
Mar 03 17:45:03     63.8    39348857      297    92.7%    295.0     0.6%     4.0%     0.1%     0.0%     3.0%     0.2%
Mar 03 17:46:09     63.7    40462241      297    92.7%    295.0     0.6%     4.0%     0.1%     0.0%     3.0%     0.2%
Mar 03 17:47:50     63.0    41821507      297    92.7%    295.0     0.6%     4.0%     0.1%     0.0%     3.0%     0.2%
Mar 03 17:49:03     61.4    41992792      297    92.7%    295.0     0.6%     4.0%     0.1%     0.0%     3.0%     0.2%
Mar 03 17:50:28     59.4    41992792      297    92.7%    295.0     0.6%     4.0%     0.1%     0.0%     3.0%     0.2%
ALL DONE!
