           Time    Speed        Read     Read   Mapped   Mapped   Mapped   Mapped Unmapped Unmapped Unmapped Unmapped
                    M/hr      number   length   unique   length   MMrate    multi   multi+       MM    short    other
Mar 15 12:55:39	Started 1st pass mapping
Mar 15 12:56:10     10.0       86116      297    93.6%    295.0     0.6%     3.3%     0.1%     0.0%     2.9%     0.2%
Mar 15 12:57:13    105.4     2751788      297    93.4%    295.1     0.6%     3.4%     0.1%     0.0%     2.9%     0.2%
Mar 15 12:58:13    122.6     5242634      297    93.5%    295.1     0.6%     3.4%     0.1%     0.0%     2.9%     0.2%
Mar 15 12:59:16    124.0     7475891      297    93.5%    295.1     0.6%     3.4%     0.1%     0.0%     2.9%     0.2%
Mar 15 13:00:16    118.4     9107514      297    93.5%    295.1     0.6%     3.4%     0.1%     0.0%     2.9%     0.2%
Mar 15 13:01:16    116.5    10908024      297    93.5%    295.1     0.6%     3.4%     0.1%     0.0%     2.9%     0.2%
Mar 15 13:02:20    118.7    13221521      297    93.4%    295.1     0.6%     3.4%     0.1%     0.0%     2.9%     0.2%
Mar 15 13:03:20    121.3    15534220      297    93.5%    295.1     0.6%     3.4%     0.1%     0.0%     2.9%     0.2%
Mar 15 13:04:23    121.4    17675199      297    93.5%    295.1     0.6%     3.4%     0.1%     0.0%     2.9%     0.2%
Mar 15 13:05:27    122.4    19988100      297    93.4%    295.1     0.6%     3.4%     0.1%     0.0%     2.9%     0.2%
Mar 15 13:06:32    122.5    22214972      297    93.4%    295.1     0.6%     3.4%     0.1%     0.0%     2.9%     0.2%
Mar 15 13:07:40    123.3    24699056      297    93.4%    295.0     0.6%     3.4%     0.1%     0.0%     2.9%     0.2%
Mar 15 13:08:47    123.0    26925876      297    93.4%    295.0     0.6%     3.4%     0.1%     0.0%     2.9%     0.2%
Mar 15 13:09:47    121.9    28724382      297    93.4%    295.0     0.6%     3.4%     0.1%     0.0%     2.9%     0.2%
Mar 15 13:10:50    121.3    30694356      297    93.4%    295.1     0.6%     3.4%     0.1%     0.0%     2.9%     0.2%
Mar 15 13:11:50    122.1    32920831      297    93.5%    295.1     0.6%     3.4%     0.1%     0.0%     2.9%     0.2%
Mar 15 13:12:50    122.4    35062396      297    93.4%    295.0     0.6%     3.4%     0.1%     0.0%     2.9%     0.2%
Mar 15 13:13:53    122.4    37203737      297    93.4%    295.0     0.6%     3.4%     0.1%     0.0%     2.9%     0.2%
Mar 15 13:14:58    122.7    39516566      297    93.4%    295.0     0.6%     3.4%     0.1%     0.0%     2.9%     0.2%
Mar 15 13:15:59    124.2    42085842      297    93.4%    295.0     0.6%     3.4%     0.1%     0.0%     2.9%     0.2%
Mar 15 13:16:59    123.7    43970061      297    93.4%    295.0     0.6%     3.4%     0.1%     0.0%     2.9%     0.2%
Mar 15 13:17:47	Finished 1st pass mapping
Mar 15 13:20:19     51.6      860677      297    92.7%    295.1     0.6%     4.1%     0.1%     0.0%     2.8%     0.3%
Mar 15 13:21:19     69.7     2322404      297    92.6%    295.1     0.6%     4.1%     0.1%     0.0%     2.9%     0.3%
Mar 15 13:22:20     70.1     3524816      297    92.7%    295.1     0.6%     4.1%     0.1%     0.0%     2.9%     0.3%
Mar 15 13:23:24     72.0     4898994      297    92.7%    295.1     0.6%     4.1%     0.1%     0.0%     2.8%     0.3%
Mar 15 13:24:24     73.0     6187443      297    92.7%    295.1     0.6%     4.1%     0.1%     0.0%     2.8%     0.3%
Mar 15 13:25:30     71.7     7390021      297    92.7%    295.1     0.6%     4.1%     0.1%     0.0%     2.8%     0.3%
Mar 15 13:26:36     71.5     8678204      297    92.7%    295.1     0.6%     4.1%     0.1%     0.0%     2.8%     0.3%
Mar 15 13:27:45     68.5     9622870      297    92.7%    295.1     0.6%     4.1%     0.1%     0.0%     2.8%     0.3%
Mar 15 13:29:01     66.4    10736776      297    92.7%    295.1     0.6%     4.1%     0.1%     0.0%     2.8%     0.3%
Mar 15 13:30:05     67.5    12107480      297    92.7%    295.1     0.6%     4.1%     0.1%     0.0%     2.8%     0.3%
Mar 15 13:31:09     69.2    13649858      297    92.7%    295.1     0.6%     4.1%     0.1%     0.0%     2.8%     0.3%
Mar 15 13:32:09     71.0    15191518      297    92.7%    295.1     0.6%     4.1%     0.1%     0.0%     2.8%     0.3%
Mar 15 13:33:14     70.7    16390597      297    92.7%    295.1     0.6%     4.1%     0.1%     0.0%     2.8%     0.3%
Mar 15 13:34:21     70.9    17761003      297    92.7%    295.1     0.6%     4.1%     0.1%     0.0%     2.8%     0.3%
Mar 15 13:35:22     71.5    19131296      297    92.7%    295.1     0.6%     4.1%     0.1%     0.0%     2.8%     0.3%
Mar 15 13:36:22     71.5    20330565      297    92.7%    295.1     0.6%     4.1%     0.1%     0.0%     2.9%     0.3%
Mar 15 13:37:28     71.5    21615353      297    92.7%    295.1     0.6%     4.1%     0.1%     0.0%     2.9%     0.3%
Mar 15 13:38:34     71.1    22814645      297    92.6%    295.1     0.6%     4.1%     0.1%     0.0%     2.9%     0.3%
Mar 15 13:39:35     71.3    24099411      297    92.6%    295.0     0.6%     4.1%     0.1%     0.0%     2.9%     0.3%
Mar 15 13:40:40     71.3    25384220      297    92.7%    295.0     0.6%     4.1%     0.1%     0.0%     2.9%     0.3%
Mar 15 13:41:45     71.3    26669039      297    92.7%    295.0     0.6%     4.1%     0.1%     0.0%     2.9%     0.3%
Mar 15 13:42:50     70.4    27611066      297    92.7%    295.1     0.6%     4.1%     0.1%     0.0%     2.9%     0.3%
Mar 15 13:43:52     70.2    28724304      297    92.7%    295.1     0.6%     4.1%     0.1%     0.0%     2.9%     0.3%
Mar 15 13:44:57     70.2    30009054      297    92.7%    295.1     0.6%     4.1%     0.1%     0.0%     2.8%     0.3%
Mar 15 13:45:59     70.0    31122535      297    92.7%    295.1     0.6%     4.1%     0.1%     0.0%     2.8%     0.3%
Mar 15 13:47:01     70.4    32492843      297    92.7%    295.1     0.6%     4.1%     0.1%     0.0%     2.8%     0.3%
Mar 15 13:48:01     70.8    33863154      297    92.7%    295.1     0.6%     4.1%     0.1%     0.0%     2.9%     0.3%
Mar 15 13:49:01     71.4    35319342      297    92.6%    295.0     0.6%     4.1%     0.1%     0.0%     2.9%     0.3%
Mar 15 13:50:12     71.1    36603995      297    92.6%    295.0     0.6%     4.1%     0.1%     0.0%     2.9%     0.3%
Mar 15 13:51:16     71.3    37974766      297    92.6%    295.0     0.6%     4.1%     0.1%     0.0%     2.9%     0.3%
Mar 15 13:52:16     71.2    39088320      297    92.6%    295.0     0.6%     4.1%     0.1%     0.0%     2.9%     0.3%
Mar 15 13:53:27     71.6    40715553      297    92.6%    295.0     0.6%     4.1%     0.1%     0.0%     2.9%     0.3%
Mar 15 13:54:27     72.3    42342830      297    92.7%    295.0     0.6%     4.1%     0.1%     0.0%     2.9%     0.3%
Mar 15 13:55:28     72.1    43456080      297    92.7%    295.0     0.6%     4.1%     0.1%     0.0%     2.9%     0.3%
Mar 15 13:56:46     71.8    44794424      297    92.7%    295.0     0.6%     4.1%     0.1%     0.0%     2.9%     0.3%
Mar 15 13:59:06     67.8    44965832      297    92.7%    295.0     0.6%     4.1%     0.1%     0.0%     2.9%     0.3%
ALL DONE!
