                                 Started job on |	Mar 04 15:00:19
                             Started mapping on |	Mar 04 15:27:28
                                    Finished on |	Mar 04 16:12:30
       Mapping speed, Million of reads per hour |	59.91

                          Number of input reads |	44965832
                      Average input read length |	297
                                    UNIQUE READS:
                   Uniquely mapped reads number |	41661970
                        Uniquely mapped reads % |	92.65%
                          Average mapped length |	295.01
                       Number of splices: Total |	53125291
            Number of splices: Annotated (sjdb) |	53033942
                       Number of splices: GT/AG |	52486245
                       Number of splices: GC/AG |	413816
                       Number of splices: AT/AC |	33287
               Number of splices: Non-canonical |	191943
                      Mismatch rate per base, % |	0.58%
                         Deletion rate per base |	0.05%
                        Deletion average length |	2.69
                        Insertion rate per base |	0.04%
                       Insertion average length |	2.19
                             MULTI-MAPPING READS:
        Number of reads mapped to multiple loci |	1842611
             % of reads mapped to multiple loci |	4.10%
        Number of reads mapped to too many loci |	54602
             % of reads mapped to too many loci |	0.12%
                                  UNMAPPED READS:
  Number of reads unmapped: too many mismatches |	0
       % of reads unmapped: too many mismatches |	0.00%
            Number of reads unmapped: too short |	1291268
                 % of reads unmapped: too short |	2.87%
                Number of reads unmapped: other |	115381
                     % of reads unmapped: other |	0.26%
                                  CHIMERIC READS:
                       Number of chimeric reads |	0
                            % of chimeric reads |	0.00%
