           Time    Speed        Read     Read   Mapped   Mapped   Mapped   Mapped Unmapped Unmapped Unmapped Unmapped
                    M/hr      number   length   unique   length   MMrate    multi   multi+       MM    short    other
Mar 03 16:44:57	Started 1st pass mapping
Mar 03 16:45:34      8.4       86089      297    93.4%    295.2     0.6%     3.4%     0.1%     0.0%     2.9%     0.2%
Mar 03 16:46:38     95.0     2665818      297    93.4%    295.1     0.6%     3.4%     0.1%     0.0%     2.9%     0.2%
Mar 03 16:47:39    108.9     4899176      297    93.5%    295.1     0.6%     3.4%     0.1%     0.0%     2.9%     0.2%
Mar 03 16:48:43    104.0     6530885      297    93.5%    295.1     0.6%     3.4%     0.1%     0.0%     2.9%     0.2%
Mar 03 16:49:45    107.4     8592343      297    93.4%    295.1     0.6%     3.4%     0.1%     0.0%     2.9%     0.2%
Mar 03 16:50:48     99.6     9708480      297    93.5%    295.1     0.6%     3.4%     0.1%     0.0%     2.9%     0.2%
Mar 03 16:51:51    101.6    11679327      297    93.4%    295.1     0.6%     3.4%     0.1%     0.0%     2.9%     0.2%
Mar 03 16:52:53    103.2    13649662      297    93.4%    295.1     0.6%     3.4%     0.1%     0.0%     2.9%     0.2%
Mar 03 16:53:55    105.7    15791159      297    93.5%    295.1     0.6%     3.4%     0.1%     0.0%     2.9%     0.2%
Mar 03 16:54:57    105.5    17589579      297    93.5%    295.1     0.6%     3.4%     0.1%     0.0%     2.9%     0.2%
Mar 03 16:55:58    106.1    19474157      297    93.4%    295.1     0.6%     3.4%     0.1%     0.0%     2.9%     0.2%
Mar 03 16:56:58    107.1    21444095      297    93.4%    295.1     0.6%     3.4%     0.1%     0.0%     2.9%     0.2%
Mar 03 16:58:00    107.3    23328642      297    93.4%    295.0     0.6%     3.4%     0.1%     0.0%     2.9%     0.2%
Mar 03 16:59:00    107.3    25127346      297    93.4%    295.0     0.6%     3.4%     0.1%     0.0%     2.9%     0.2%
Mar 03 17:00:01    107.2    26925876      297    93.4%    295.0     0.6%     3.4%     0.1%     0.0%     2.9%     0.2%
Mar 03 17:01:01    105.7    28296188      297    93.4%    295.0     0.6%     3.4%     0.1%     0.0%     2.9%     0.2%
Mar 03 17:02:02    105.7    30094770      297    93.4%    295.1     0.6%     3.4%     0.1%     0.0%     2.9%     0.2%
Mar 03 17:03:02    105.5    31807789      297    93.5%    295.1     0.6%     3.4%     0.1%     0.0%     2.9%     0.2%
Mar 03 17:04:02    106.2    33777478      297    93.5%    295.1     0.6%     3.4%     0.1%     0.0%     2.9%     0.2%
Mar 03 17:05:02    106.5    35661927      297    93.4%    295.0     0.6%     3.4%     0.1%     0.0%     2.9%     0.2%
Mar 03 17:06:03    107.3    37717790      297    93.4%    295.0     0.6%     3.4%     0.1%     0.0%     2.9%     0.2%
Mar 03 17:07:03    108.0    39773601      297    93.4%    295.0     0.6%     3.4%     0.1%     0.0%     2.9%     0.2%
Mar 03 17:08:04    109.2    42085842      297    93.4%    295.0     0.6%     3.4%     0.1%     0.0%     2.9%     0.2%
Mar 03 17:09:08    110.1    44366358      297    93.4%    295.0     0.6%     3.4%     0.1%     0.0%     2.9%     0.2%
Mar 03 17:09:58	Finished 1st pass mapping
Mar 03 17:12:51      4.9       86089      297    92.6%    295.2     0.6%     4.1%     0.1%     0.0%     2.9%     0.3%
Mar 03 17:13:59     40.2     1463420      297    92.7%    295.1     0.6%     4.1%     0.1%     0.0%     2.8%     0.3%
Mar 03 17:15:03     49.2     2665887      297    92.6%    295.1     0.6%     4.1%     0.1%     0.0%     2.9%     0.3%
Mar 03 17:16:04     54.4     3868323      297    92.7%    295.1     0.6%     4.1%     0.1%     0.0%     2.9%     0.3%
Mar 03 17:17:06     58.4     5156772      297    92.7%    295.1     0.6%     4.1%     0.1%     0.0%     2.8%     0.3%
Mar 03 17:18:10     60.7     6445025      297    92.7%    295.1     0.6%     4.1%     0.1%     0.0%     2.8%     0.3%
Mar 03 17:19:12     61.3     7561710      297    92.7%    295.1     0.6%     4.1%     0.1%     0.0%     2.8%     0.3%
Mar 03 17:20:17     61.4     8678204      297    92.7%    295.1     0.6%     4.1%     0.1%     0.0%     2.8%     0.3%
Mar 03 17:21:36     58.9     9622870      297    92.7%    295.1     0.6%     4.1%     0.1%     0.0%     2.8%     0.3%
Mar 03 17:22:39     58.4    10565023      297    92.7%    295.1     0.6%     4.1%     0.1%     0.0%     2.8%     0.3%
Mar 03 17:23:43     57.9    11507401      297    92.7%    295.1     0.6%     4.1%     0.1%     0.0%     2.8%     0.3%
Mar 03 17:24:43     59.0    12707248      297    92.7%    295.1     0.6%     4.1%     0.1%     0.0%     2.8%     0.3%
Mar 03 17:25:48     60.0    13992357      297    92.7%    295.1     0.6%     4.1%     0.1%     0.0%     2.8%     0.3%
Mar 03 17:26:54     60.7    15277150      297    92.7%    295.1     0.6%     4.1%     0.1%     0.0%     2.8%     0.3%
Mar 03 17:28:00     60.7    16390597      297    92.7%    295.1     0.6%     4.1%     0.1%     0.0%     2.8%     0.3%
Mar 03 17:29:02     60.9    17503959      297    92.7%    295.1     0.6%     4.1%     0.1%     0.0%     2.8%     0.3%
Mar 03 17:30:04     60.9    18531630      297    92.7%    295.1     0.6%     4.1%     0.1%     0.0%     2.8%     0.3%
Mar 03 17:31:04     60.9    19559598      297    92.7%    295.1     0.6%     4.1%     0.1%     0.0%     2.8%     0.3%
Mar 03 17:32:08     61.3    20758819      297    92.7%    295.1     0.6%     4.1%     0.1%     0.0%     2.9%     0.3%
Mar 03 17:33:10     61.4    21872396      297    92.7%    295.1     0.6%     4.1%     0.1%     0.0%     2.9%     0.3%
Mar 03 17:34:11     61.2    22814645      297    92.6%    295.1     0.6%     4.1%     0.1%     0.0%     2.9%     0.3%
Mar 03 17:35:19     61.5    24099411      297    92.6%    295.0     0.6%     4.1%     0.1%     0.0%     2.9%     0.3%
Mar 03 17:36:26     61.6    25298593      297    92.7%    295.0     0.6%     4.1%     0.1%     0.0%     2.9%     0.3%
Mar 03 17:37:27     61.8    26412097      297    92.7%    295.0     0.6%     4.1%     0.1%     0.0%     2.9%     0.3%
Mar 03 17:38:32     61.0    27182724      297    92.7%    295.0     0.6%     4.1%     0.1%     0.0%     2.9%     0.3%
Mar 03 17:39:38     60.4    28039251      297    92.7%    295.1     0.6%     4.1%     0.1%     0.0%     2.9%     0.3%
Mar 03 17:40:39     60.5    29066950      297    92.7%    295.1     0.6%     4.1%     0.1%     0.0%     2.9%     0.3%
Mar 03 17:41:40     60.5    30094828      297    92.7%    295.1     0.6%     4.1%     0.1%     0.0%     2.8%     0.3%
Mar 03 17:42:44     60.5    31208308      297    92.7%    295.1     0.6%     4.1%     0.1%     0.0%     2.8%     0.3%
Mar 03 17:43:46     60.7    32321439      297    92.7%    295.1     0.6%     4.1%     0.1%     0.0%     2.8%     0.3%
Mar 03 17:44:48     60.8    33434840      297    92.7%    295.1     0.6%     4.1%     0.1%     0.0%     2.8%     0.3%
Mar 03 17:45:50     61.4    34805517      297    92.6%    295.0     0.6%     4.1%     0.1%     0.0%     2.9%     0.3%
Mar 03 17:46:50     61.8    36090036      297    92.6%    295.0     0.6%     4.1%     0.1%     0.0%     2.9%     0.3%
Mar 03 17:47:51     62.5    37546388      297    92.6%    295.0     0.6%     4.1%     0.1%     0.0%     2.9%     0.3%
Mar 03 17:48:55     62.6    38745789      297    92.6%    295.0     0.6%     4.1%     0.1%     0.0%     2.9%     0.3%
Mar 03 17:49:57     63.1    40116048      297    92.6%    295.0     0.6%     4.1%     0.1%     0.0%     2.9%     0.3%
Mar 03 17:51:00     63.4    41400790      297    92.6%    295.0     0.6%     4.1%     0.1%     0.0%     2.9%     0.3%
Mar 03 17:52:00     63.8    42771071      297    92.7%    295.0     0.6%     4.1%     0.1%     0.0%     2.9%     0.3%
Mar 03 17:53:01     64.1    44055662      297    92.7%    295.0     0.6%     4.1%     0.1%     0.0%     2.9%     0.3%
Mar 03 17:54:20     63.4    44965832      297    92.7%    295.0     0.6%     4.1%     0.1%     0.0%     2.9%     0.3%
Mar 03 17:55:50     61.3    44965832      297    92.7%    295.0     0.6%     4.1%     0.1%     0.0%     2.9%     0.3%
ALL DONE!
