           Time    Speed        Read     Read   Mapped   Mapped   Mapped   Mapped Unmapped Unmapped Unmapped Unmapped
                    M/hr      number   length   unique   length   MMrate    multi   multi+       MM    short    other
Mar 15 13:01:52	Started 1st pass mapping
Mar 15 13:02:22     10.3       86166      297    93.6%    294.9     0.6%     3.2%     0.2%     0.0%     2.9%     0.2%
Mar 15 13:03:35     93.2     2666051      297    93.5%    294.9     0.6%     3.2%     0.1%     0.0%     3.1%     0.2%
Mar 15 13:04:35    113.9     5156735      297    93.5%    294.9     0.6%     3.1%     0.1%     0.0%     3.0%     0.2%
Mar 15 13:05:41    110.8     7046479      297    93.5%    294.9     0.6%     3.1%     0.1%     0.0%     3.1%     0.2%
Mar 15 13:06:44    111.2     9022187      297    93.5%    294.9     0.6%     3.1%     0.1%     0.0%     3.1%     0.2%
Mar 15 13:07:44    115.1    11251426      297    93.5%    294.9     0.6%     3.1%     0.1%     0.0%     3.1%     0.2%
Mar 15 13:08:44    114.8    13135681      297    93.5%    294.9     0.6%     3.1%     0.1%     0.0%     3.1%     0.2%
Mar 15 13:09:45    116.3    15277225      297    93.5%    294.9     0.6%     3.1%     0.1%     0.0%     3.1%     0.2%
Mar 15 13:10:51    114.1    17076169      297    93.5%    294.9     0.6%     3.1%     0.1%     0.0%     3.1%     0.2%
Mar 15 13:11:57    116.9    19646198      297    93.5%    294.9     0.6%     3.1%     0.1%     0.0%     3.1%     0.2%
Mar 15 13:12:57    117.5    21702020      297    93.5%    294.9     0.6%     3.1%     0.1%     0.0%     3.1%     0.2%
Mar 15 13:13:57    116.7    23501104      297    93.5%    294.9     0.6%     3.1%     0.1%     0.0%     3.1%     0.2%
Mar 15 13:14:57    117.6    25642262      297    93.5%    294.9     0.6%     3.1%     0.1%     0.0%     3.1%     0.2%
Mar 15 13:15:59    118.5    27869009      297    93.5%    294.9     0.6%     3.1%     0.1%     0.0%     3.1%     0.2%
Mar 15 13:17:00    119.0    30010207      297    93.5%    294.9     0.6%     3.1%     0.1%     0.0%     3.1%     0.2%
Mar 15 13:18:08    118.6    32151187      297    93.5%    294.9     0.6%     3.1%     0.1%     0.0%     3.1%     0.2%
Mar 15 13:19:08    121.0    34806733      297    93.5%    294.8     0.6%     3.1%     0.1%     0.0%     3.1%     0.2%
Mar 15 13:20:10    120.3    36691160      297    93.5%    294.8     0.6%     3.1%     0.1%     0.0%     3.1%     0.2%
Mar 15 13:21:10    121.3    39003852      297    93.5%    294.8     0.6%     3.1%     0.1%     0.0%     3.1%     0.2%
Mar 15 13:22:10    120.9    40888057      297    93.5%    294.8     0.6%     3.1%     0.1%     0.0%     3.1%     0.2%
Mar 15 13:23:08	Finished 1st pass mapping
Mar 15 13:25:50     10.2      172262      297    92.9%    294.9     0.6%     3.8%     0.1%     0.0%     2.9%     0.3%
Mar 15 13:26:53     42.5     1463471      297    92.8%    294.9     0.6%     3.8%     0.1%     0.0%     3.0%     0.3%
Mar 15 13:27:55     54.9     2837868      297    92.7%    294.9     0.6%     3.8%     0.1%     0.0%     3.0%     0.3%
Mar 15 13:28:55     60.4     4126010      297    92.8%    294.9     0.6%     3.8%     0.1%     0.0%     3.0%     0.3%
Mar 15 13:29:59     63.9     5500311      297    92.8%    295.0     0.6%     3.8%     0.1%     0.0%     3.0%     0.3%
Mar 15 13:31:02     66.4     6874641      297    92.8%    295.0     0.6%     3.8%     0.1%     0.0%     3.0%     0.3%
Mar 15 13:32:03     65.6     7905404      297    92.7%    294.9     0.6%     3.8%     0.1%     0.0%     3.0%     0.3%
Mar 15 13:33:03     65.7     9022049      297    92.7%    294.9     0.6%     3.8%     0.1%     0.0%     3.0%     0.3%
Mar 15 13:34:03     65.9    10137518      297    92.7%    294.9     0.6%     3.8%     0.1%     0.0%     3.0%     0.3%
Mar 15 13:35:03     66.0    11251426      297    92.7%    294.9     0.6%     3.8%     0.1%     0.0%     3.0%     0.3%
Mar 15 13:36:03     65.6    12279307      297    92.7%    294.9     0.6%     3.8%     0.1%     0.0%     3.0%     0.3%
Mar 15 13:37:04     66.9    13649786      297    92.7%    294.9     0.6%     3.8%     0.1%     0.0%     3.0%     0.3%
Mar 15 13:38:05     66.4    14677561      297    92.7%    294.9     0.6%     3.8%     0.1%     0.0%     3.0%     0.3%
Mar 15 13:39:11     65.9    15791138      297    92.7%    294.9     0.6%     3.8%     0.1%     0.0%     3.0%     0.3%
Mar 15 13:40:11     66.3    16990376      297    92.7%    294.9     0.6%     3.8%     0.1%     0.0%     3.0%     0.3%
Mar 15 13:41:16     66.7    18275236      297    92.7%    294.9     0.6%     3.8%     0.1%     0.0%     3.0%     0.3%
Mar 15 13:42:16     67.0    19474342      297    92.7%    294.9     0.6%     3.8%     0.1%     0.0%     3.0%     0.3%
Mar 15 13:43:19     66.8    20588369      297    92.7%    294.9     0.6%     3.8%     0.1%     0.0%     3.1%     0.3%
Mar 15 13:44:19     66.8    21702020      297    92.7%    294.9     0.6%     3.8%     0.1%     0.0%     3.1%     0.3%
Mar 15 13:45:21     66.7    22815807      297    92.7%    294.9     0.6%     3.8%     0.1%     0.0%     3.1%     0.3%
Mar 15 13:46:21     66.4    23843582      297    92.7%    294.9     0.6%     3.8%     0.1%     0.0%     3.1%     0.3%
Mar 15 13:47:26     66.2    24957143      297    92.7%    294.9     0.6%     3.8%     0.1%     0.0%     3.1%     0.3%
Mar 15 13:48:29     66.5    26241549      297    92.7%    294.9     0.6%     3.8%     0.1%     0.0%     3.1%     0.3%
Mar 15 13:49:29     67.2    27612025      297    92.7%    294.9     0.6%     3.8%     0.1%     0.0%     3.0%     0.3%
Mar 15 13:50:29     67.1    28725175      297    92.7%    294.9     0.6%     3.8%     0.1%     0.0%     3.0%     0.3%
Mar 15 13:51:30     67.7    30095801      297    92.7%    294.9     0.6%     3.8%     0.1%     0.0%     3.0%     0.3%
Mar 15 13:52:32     67.7    31294733      297    92.7%    294.9     0.6%     3.8%     0.1%     0.0%     3.0%     0.3%
Mar 15 13:53:32     67.9    32493806      297    92.7%    294.9     0.6%     3.8%     0.1%     0.0%     3.0%     0.3%
Mar 15 13:54:34     68.0    33693257      297    92.7%    294.8     0.6%     3.8%     0.1%     0.0%     3.1%     0.3%
Mar 15 13:55:35     68.4    35063785      297    92.7%    294.8     0.6%     3.8%     0.1%     0.0%     3.1%     0.3%
Mar 15 13:56:38     68.2    36177262      297    92.7%    294.8     0.6%     3.8%     0.1%     0.0%     3.1%     0.3%
Mar 15 13:57:38     68.3    37376406      297    92.7%    294.8     0.6%     3.8%     0.1%     0.0%     3.1%     0.3%
Mar 15 13:58:41     68.3    38575574      297    92.7%    294.8     0.6%     3.8%     0.1%     0.0%     3.1%     0.3%
Mar 15 13:59:49     68.0    39688998      297    92.7%    294.9     0.6%     3.8%     0.1%     0.0%     3.1%     0.3%
Mar 15 14:00:50     68.4    41059414      297    92.7%    294.9     0.6%     3.8%     0.1%     0.0%     3.1%     0.3%
Mar 15 14:01:51     68.5    42258500      297    92.7%    294.9     0.6%     3.8%     0.1%     0.0%     3.1%     0.3%
Mar 15 14:03:52     66.6    43361921      297    92.7%    294.9     0.6%     3.8%     0.1%     0.0%     3.1%     0.3%
ALL DONE!
