                                 Started job on |	Mar 15 13:01:37
                             Started mapping on |	Mar 15 13:24:49
                                    Finished on |	Mar 15 14:03:52
       Mapping speed, Million of reads per hour |	66.63

                          Number of input reads |	43361921
                      Average input read length |	297
                                    UNIQUE READS:
                   Uniquely mapped reads number |	40208713
                        Uniquely mapped reads % |	92.73%
                          Average mapped length |	294.87
                       Number of splices: Total |	49167749
            Number of splices: Annotated (sjdb) |	49077640
                       Number of splices: GT/AG |	48582925
                       Number of splices: GC/AG |	378445
                       Number of splices: AT/AC |	29340
               Number of splices: Non-canonical |	177039
                      Mismatch rate per base, % |	0.57%
                         Deletion rate per base |	0.05%
                        Deletion average length |	2.57
                        Insertion rate per base |	0.04%
                       Insertion average length |	2.17
                             MULTI-MAPPING READS:
        Number of reads mapped to multiple loci |	1648700
             % of reads mapped to multiple loci |	3.80%
        Number of reads mapped to too many loci |	58945
             % of reads mapped to too many loci |	0.14%
                                  UNMAPPED READS:
  Number of reads unmapped: too many mismatches |	0
       % of reads unmapped: too many mismatches |	0.00%
            Number of reads unmapped: too short |	1329149
                 % of reads unmapped: too short |	3.07%
                Number of reads unmapped: other |	116414
                     % of reads unmapped: other |	0.27%
                                  CHIMERIC READS:
                       Number of chimeric reads |	0
                            % of chimeric reads |	0.00%
