           Time    Speed        Read     Read   Mapped   Mapped   Mapped   Mapped Unmapped Unmapped Unmapped Unmapped
                    M/hr      number   length   unique   length   MMrate    multi   multi+       MM    short    other
Mar 03 16:44:14	Started 1st pass mapping
Mar 03 16:44:45     10.0       86166      297    93.6%    294.9     0.6%     3.2%     0.2%     0.0%     2.9%     0.2%
Mar 03 16:45:49    101.0     2666051      297    93.5%    294.9     0.6%     3.2%     0.1%     0.0%     3.1%     0.2%
Mar 03 16:46:52    119.5     5242590      297    93.5%    294.9     0.6%     3.1%     0.1%     0.0%     3.0%     0.2%
Mar 03 16:47:53    115.8     7046518      297    93.5%    294.9     0.6%     3.1%     0.1%     0.0%     3.1%     0.2%
Mar 03 16:48:55    114.5     8936193      297    93.5%    294.9     0.6%     3.1%     0.1%     0.0%     3.1%     0.2%
Mar 03 16:49:57    115.4    10994537      297    93.5%    294.9     0.6%     3.1%     0.1%     0.0%     3.1%     0.2%
Mar 03 16:50:57    114.3    12793186      297    93.5%    294.9     0.6%     3.1%     0.1%     0.0%     3.1%     0.2%
Mar 03 16:51:57    114.1    14677727      297    93.5%    294.9     0.6%     3.1%     0.1%     0.0%     3.1%     0.2%
Mar 03 16:52:58    112.6    16390859      297    93.5%    294.9     0.6%     3.1%     0.1%     0.0%     3.1%     0.2%
Mar 03 16:54:00    112.8    18360857      297    93.5%    294.9     0.6%     3.1%     0.1%     0.0%     3.1%     0.2%
Mar 03 16:55:01    113.6    20417113      297    93.5%    294.9     0.6%     3.1%     0.1%     0.0%     3.1%     0.2%
Mar 03 16:56:04    112.6    22216082      297    93.5%    294.9     0.6%     3.1%     0.1%     0.0%     3.1%     0.2%
Mar 03 16:57:07    112.6    24186215      297    93.5%    294.9     0.6%     3.1%     0.1%     0.0%     3.1%     0.2%
Mar 03 16:58:07    112.3    25984711      297    93.5%    294.9     0.6%     3.1%     0.1%     0.0%     3.1%     0.2%
Mar 03 16:59:08    112.9    28040212      297    93.5%    294.9     0.6%     3.1%     0.1%     0.0%     3.1%     0.2%
Mar 03 17:00:10    114.0    30267009      297    93.5%    294.9     0.6%     3.1%     0.1%     0.0%     3.1%     0.2%
Mar 03 17:01:17    113.1    32151382      297    93.5%    294.9     0.6%     3.1%     0.1%     0.0%     3.1%     0.2%
Mar 03 17:02:17    114.3    34378576      297    93.5%    294.8     0.6%     3.1%     0.1%     0.0%     3.1%     0.2%
Mar 03 17:03:17    114.5    36348483      297    93.5%    294.8     0.6%     3.1%     0.1%     0.0%     3.1%     0.2%
Mar 03 17:04:17    115.2    38489892      297    93.5%    294.8     0.6%     3.1%     0.1%     0.0%     3.1%     0.2%
Mar 03 17:05:25    114.8    40545512      297    93.5%    294.8     0.6%     3.1%     0.1%     0.0%     3.1%     0.2%
Mar 03 17:06:25    115.4    42676776      297    93.5%    294.9     0.6%     3.1%     0.1%     0.0%     3.1%     0.2%
Mar 03 17:06:33	Finished 1st pass mapping
Mar 03 17:09:13      4.7       86166      297    92.9%    294.9     0.6%     3.9%     0.2%     0.0%     2.8%     0.2%
Mar 03 17:10:21     39.3     1463471      297    92.8%    294.9     0.6%     3.8%     0.1%     0.0%     3.0%     0.3%
Mar 03 17:11:27     49.5     2751904      297    92.7%    294.9     0.6%     3.8%     0.1%     0.0%     3.0%     0.3%
Mar 03 17:12:35     55.4     4126156      297    92.7%    294.9     0.6%     3.8%     0.1%     0.0%     3.0%     0.3%
Mar 03 17:13:44     58.8     5500375      297    92.8%    294.9     0.6%     3.8%     0.1%     0.0%     3.0%     0.3%
Mar 03 17:14:53     61.0     6874641      297    92.8%    295.0     0.6%     3.8%     0.1%     0.0%     3.0%     0.3%
Mar 03 17:15:55     60.2     7819530      297    92.7%    294.9     0.6%     3.8%     0.1%     0.0%     3.0%     0.3%
Mar 03 17:17:03     60.6     9022049      297    92.7%    294.9     0.6%     3.8%     0.1%     0.0%     3.0%     0.3%
Mar 03 17:18:03     61.2    10137727      297    92.7%    294.9     0.6%     3.8%     0.1%     0.0%     3.0%     0.3%
Mar 03 17:19:07     60.9    11165808      297    92.7%    294.9     0.6%     3.8%     0.1%     0.0%     3.1%     0.3%
Mar 03 17:20:08     60.5    12108067      297    92.7%    294.9     0.6%     3.8%     0.1%     0.0%     3.0%     0.3%
Mar 03 17:21:12     60.6    13221436      297    92.7%    294.9     0.6%     3.8%     0.1%     0.0%     3.0%     0.3%
Mar 03 17:22:15     60.5    14249265      297    92.7%    294.9     0.6%     3.8%     0.1%     0.0%     3.0%     0.3%
Mar 03 17:23:16     60.8    15362855      297    92.7%    294.9     0.6%     3.8%     0.1%     0.0%     3.0%     0.3%
Mar 03 17:24:17     60.8    16390850      297    92.7%    294.9     0.6%     3.8%     0.1%     0.0%     3.0%     0.3%
Mar 03 17:25:17     61.2    17504303      297    92.7%    294.9     0.6%     3.8%     0.1%     0.0%     3.0%     0.3%
Mar 03 17:26:26     61.3    18703556      297    92.7%    294.9     0.6%     3.8%     0.1%     0.0%     3.0%     0.3%
Mar 03 17:27:30     61.6    19902662      297    92.7%    294.9     0.6%     3.8%     0.1%     0.0%     3.1%     0.3%
Mar 03 17:28:34     61.7    21016805      297    92.7%    294.9     0.6%     3.8%     0.1%     0.0%     3.1%     0.3%
Mar 03 17:29:36     61.8    22130472      297    92.7%    294.9     0.6%     3.8%     0.1%     0.0%     3.1%     0.3%
Mar 03 17:30:38     61.5    23072830      297    92.7%    294.9     0.6%     3.8%     0.1%     0.0%     3.1%     0.3%
Mar 03 17:31:41     61.1    24014963      297    92.7%    294.9     0.6%     3.8%     0.1%     0.0%     3.1%     0.3%
Mar 03 17:32:41     61.0    24957168      297    92.7%    294.9     0.6%     3.8%     0.1%     0.0%     3.1%     0.3%
Mar 03 17:33:42     61.1    26070296      297    92.7%    294.9     0.6%     3.8%     0.1%     0.0%     3.1%     0.3%
Mar 03 17:34:48     61.5    27355186      297    92.7%    294.9     0.6%     3.8%     0.1%     0.0%     3.1%     0.3%
Mar 03 17:35:53     61.7    28553943      297    92.7%    294.9     0.6%     3.8%     0.1%     0.0%     3.0%     0.3%
Mar 03 17:36:53     62.1    29753203      297    92.7%    294.9     0.6%     3.8%     0.1%     0.0%     3.0%     0.3%
Mar 03 17:38:00     62.1    30952247      297    92.7%    294.9     0.6%     3.8%     0.1%     0.0%     3.0%     0.3%
Mar 03 17:39:04     62.3    32151382      297    92.7%    294.9     0.6%     3.8%     0.1%     0.0%     3.0%     0.3%
Mar 03 17:40:06     62.6    33350546      297    92.7%    294.9     0.6%     3.8%     0.1%     0.0%     3.1%     0.3%
Mar 03 17:41:11     62.7    34549888      297    92.7%    294.8     0.6%     3.8%     0.1%     0.0%     3.1%     0.3%
Mar 03 17:42:17     62.8    35749112      297    92.7%    294.8     0.6%     3.8%     0.1%     0.0%     3.1%     0.3%
Mar 03 17:43:18     62.4    36605492      297    92.7%    294.8     0.6%     3.8%     0.1%     0.0%     3.1%     0.3%
Mar 03 17:44:18     62.5    37719050      297    92.7%    294.8     0.6%     3.8%     0.1%     0.0%     3.1%     0.3%
Mar 03 17:45:19     62.8    38918078      297    92.7%    294.8     0.6%     3.8%     0.1%     0.0%     3.1%     0.3%
Mar 03 17:46:19     62.9    40031641      297    92.7%    294.9     0.6%     3.8%     0.1%     0.0%     3.1%     0.3%
Mar 03 17:47:19     63.0    41145216      297    92.7%    294.9     0.6%     3.8%     0.1%     0.0%     3.1%     0.3%
Mar 03 17:48:25     63.4    42601309      297    92.7%    294.9     0.6%     3.8%     0.1%     0.0%     3.1%     0.3%
Mar 03 17:50:08     61.9    43361921      297    92.7%    294.9     0.6%     3.8%     0.1%     0.0%     3.1%     0.3%
ALL DONE!
