           Time    Speed        Read     Read   Mapped   Mapped   Mapped   Mapped Unmapped Unmapped Unmapped Unmapped
                    M/hr      number   length   unique   length   MMrate    multi   multi+       MM    short    other
Mar 15 12:52:49	Started 1st pass mapping
Mar 15 12:53:17     11.1       86500      297    93.8%    295.3     0.6%     3.1%     0.1%     0.0%     2.9%     0.1%
Mar 15 12:54:23    108.6     2835290      297    93.8%    295.3     0.6%     3.1%     0.1%     0.0%     2.9%     0.2%
Mar 15 12:55:23    124.4     5323502      297    93.8%    295.4     0.6%     3.1%     0.1%     0.0%     2.8%     0.2%
Mar 15 12:56:25    124.5     7469103      297    93.8%    295.4     0.6%     3.1%     0.1%     0.0%     2.8%     0.2%
Mar 15 12:57:25    126.5     9700400      297    93.8%    295.4     0.6%     3.1%     0.1%     0.0%     2.9%     0.2%
Mar 15 12:58:25    129.6    12097396      297    93.8%    295.4     0.6%     3.1%     0.1%     0.0%     2.9%     0.2%
Mar 15 12:59:26    133.0    14664625      297    93.8%    295.4     0.6%     3.1%     0.1%     0.0%     2.9%     0.2%
Mar 15 13:00:33    134.4    17317556      297    93.8%    295.4     0.6%     3.1%     0.1%     0.0%     2.9%     0.2%
Mar 15 13:01:34    137.5    20056032      297    93.8%    295.4     0.6%     3.1%     0.1%     0.0%     2.9%     0.2%
Mar 15 13:02:35    136.4    22195563      297    93.8%    295.4     0.6%     3.1%     0.1%     0.0%     2.9%     0.2%
Mar 15 13:03:37    135.7    24420754      297    93.8%    295.3     0.6%     3.1%     0.1%     0.0%     2.9%     0.2%
Mar 15 13:04:37    137.2    26988050      297    93.8%    295.3     0.6%     3.1%     0.1%     0.0%     2.9%     0.2%
Mar 15 13:05:46    136.1    29384004      297    93.8%    295.4     0.6%     3.1%     0.1%     0.0%     2.9%     0.2%
Mar 15 13:06:52    135.7    31779894      297    93.8%    295.4     0.6%     3.1%     0.1%     0.0%     2.9%     0.2%
Mar 15 13:07:53    135.4    34005143      297    93.8%    295.3     0.6%     3.1%     0.1%     0.0%     2.9%     0.2%
Mar 15 13:08:54    135.2    36230188      297    93.8%    295.3     0.6%     3.1%     0.1%     0.0%     2.9%     0.2%
Mar 15 13:09:54    134.8    38369506      297    93.8%    295.3     0.6%     3.1%     0.1%     0.0%     2.9%     0.2%
Mar 15 13:10:56    134.2    40508920      297    93.8%    295.3     0.6%     3.1%     0.1%     0.0%     2.9%     0.2%
Mar 15 13:11:56    133.6    42575953      297    93.8%    295.3     0.6%     3.1%     0.1%     0.0%     2.9%     0.2%
Mar 15 13:12:33	Finished 1st pass mapping
Mar 15 13:15:03     50.8      860230      297    92.8%    295.3     0.6%     4.0%     0.1%     0.0%     2.8%     0.2%
Mar 15 13:16:04     76.1     2577662      297    92.8%    295.4     0.6%     4.0%     0.1%     0.0%     2.8%     0.2%
Mar 15 13:17:11     76.9     4036564      297    92.8%    295.4     0.6%     4.0%     0.1%     0.0%     2.8%     0.2%
Mar 15 13:18:12     77.9     5409432      297    92.8%    295.4     0.6%     4.0%     0.1%     0.0%     2.8%     0.2%
Mar 15 13:19:14     76.3     6610753      297    92.9%    295.4     0.6%     4.0%     0.1%     0.0%     2.8%     0.2%
Mar 15 13:20:22     73.2     7726686      297    92.8%    295.4     0.6%     4.0%     0.1%     0.0%     2.8%     0.2%
Mar 15 13:21:23     74.3     9099595      297    92.8%    295.4     0.6%     4.0%     0.1%     0.0%     2.8%     0.2%
Mar 15 13:22:23     77.7    10813563      297    92.8%    295.4     0.6%     4.0%     0.1%     0.0%     2.8%     0.2%
Mar 15 13:23:25     79.0    12354159      297    92.8%    295.4     0.6%     4.0%     0.1%     0.0%     2.8%     0.2%
Mar 15 13:24:30     78.7    13723346      297    92.8%    295.4     0.6%     4.0%     0.1%     0.0%     2.8%     0.2%
Mar 15 13:25:30     79.0    15092367      297    92.8%    295.4     0.6%     4.0%     0.1%     0.0%     2.8%     0.2%
Mar 15 13:26:35     79.9    16718471      297    92.8%    295.4     0.6%     4.0%     0.1%     0.0%     2.8%     0.2%
Mar 15 13:27:38     80.6    18258953      297    92.8%    295.4     0.6%     4.0%     0.1%     0.0%     2.8%     0.2%
Mar 15 13:28:39     81.3    19799284      297    92.8%    295.4     0.6%     4.0%     0.1%     0.0%     2.8%     0.2%
Mar 15 13:29:41     81.5    21254038      297    92.8%    295.4     0.6%     4.0%     0.1%     0.0%     2.8%     0.2%
Mar 15 13:30:49     80.9    22623653      297    92.8%    295.3     0.6%     4.0%     0.1%     0.0%     2.9%     0.2%
Mar 15 13:31:51     79.9    23736118      297    92.8%    295.3     0.6%     4.0%     0.1%     0.0%     2.9%     0.2%
Mar 15 13:32:53     80.7    25362174      297    92.8%    295.3     0.6%     4.0%     0.1%     0.0%     2.8%     0.2%
Mar 15 13:33:53     81.1    26816985      297    92.8%    295.3     0.6%     4.0%     0.1%     0.0%     2.8%     0.2%
Mar 15 13:35:02     80.5    28186030      297    92.8%    295.4     0.6%     4.0%     0.1%     0.0%     2.8%     0.2%
Mar 15 13:36:04     80.2    29469582      297    92.8%    295.4     0.6%     4.0%     0.1%     0.0%     2.8%     0.2%
Mar 15 13:37:04     80.6    30924013      297    92.8%    295.4     0.6%     4.0%     0.1%     0.0%     2.8%     0.2%
Mar 15 13:38:06     80.7    32378820      297    92.8%    295.4     0.6%     4.0%     0.1%     0.0%     2.8%     0.2%
Mar 15 13:39:12     80.3    33662954      297    92.8%    295.3     0.6%     4.0%     0.1%     0.0%     2.9%     0.2%
Mar 15 13:40:12     79.7    34775439      297    92.8%    295.3     0.6%     4.0%     0.1%     0.0%     2.9%     0.2%
Mar 15 13:41:12     80.2    36315884      297    92.8%    295.3     0.6%     4.0%     0.1%     0.0%     2.9%     0.2%
Mar 15 13:42:14     80.2    37684989      297    92.8%    295.3     0.6%     4.0%     0.1%     0.0%     2.9%     0.2%
Mar 15 13:43:14     79.9    38882946      297    92.8%    295.3     0.6%     4.0%     0.1%     0.0%     2.9%     0.2%
Mar 15 13:44:20     79.5    40166576      297    92.8%    295.3     0.6%     4.0%     0.1%     0.0%     2.9%     0.2%
Mar 15 13:45:21     78.9    41193547      297    92.8%    295.3     0.6%     4.0%     0.1%     0.0%     2.9%     0.2%
Mar 15 13:46:31     78.8    42661478      297    92.8%    295.3     0.6%     4.0%     0.1%     0.0%     2.9%     0.2%
Mar 15 13:48:42     74.7    43174737      297    92.8%    295.3     0.6%     4.0%     0.1%     0.0%     2.9%     0.2%
ALL DONE!
