                                 Started job on |	Mar 04 11:34:30
                             Started mapping on |	Mar 04 11:54:45
                                    Finished on |	Mar 04 12:27:05
       Mapping speed, Million of reads per hour |	80.12

                          Number of input reads |	43174737
                      Average input read length |	297
                                    UNIQUE READS:
                   Uniquely mapped reads number |	40071651
                        Uniquely mapped reads % |	92.81%
                          Average mapped length |	295.32
                       Number of splices: Total |	50818744
            Number of splices: Annotated (sjdb) |	50736315
                       Number of splices: GT/AG |	50230610
                       Number of splices: GC/AG |	392155
                       Number of splices: AT/AC |	28017
               Number of splices: Non-canonical |	167962
                      Mismatch rate per base, % |	0.58%
                         Deletion rate per base |	0.05%
                        Deletion average length |	2.65
                        Insertion rate per base |	0.04%
                       Insertion average length |	2.22
                             MULTI-MAPPING READS:
        Number of reads mapped to multiple loci |	1727553
             % of reads mapped to multiple loci |	4.00%
        Number of reads mapped to too many loci |	42918
             % of reads mapped to too many loci |	0.10%
                                  UNMAPPED READS:
  Number of reads unmapped: too many mismatches |	0
       % of reads unmapped: too many mismatches |	0.00%
            Number of reads unmapped: too short |	1233072
                 % of reads unmapped: too short |	2.86%
                Number of reads unmapped: other |	99543
                     % of reads unmapped: other |	0.23%
                                  CHIMERIC READS:
                       Number of chimeric reads |	0
                            % of chimeric reads |	0.00%
