           Time    Speed        Read     Read   Mapped   Mapped   Mapped   Mapped Unmapped Unmapped Unmapped Unmapped
                    M/hr      number   length   unique   length   MMrate    multi   multi+       MM    short    other
Mar 03 16:44:57	Started 1st pass mapping
Mar 03 16:45:28     10.0       86500      297    93.8%    295.3     0.6%     3.1%     0.1%     0.0%     2.9%     0.1%
Mar 03 16:46:31    105.3     2749408      297    93.8%    295.3     0.6%     3.1%     0.1%     0.0%     2.9%     0.2%
Mar 03 16:47:35    113.5     4980238      297    93.8%    295.4     0.6%     3.1%     0.1%     0.0%     2.8%     0.2%
Mar 03 16:48:42    115.4     7211610      297    93.8%    295.4     0.6%     3.1%     0.1%     0.0%     2.8%     0.2%
Mar 03 16:49:43    114.5     9099692      297    93.8%    295.4     0.6%     3.1%     0.1%     0.0%     2.9%     0.2%
Mar 03 16:50:44    115.7    11156054      297    93.8%    295.4     0.6%     3.1%     0.1%     0.0%     2.9%     0.2%
Mar 03 16:51:47    120.5    13723346      297    93.8%    295.4     0.6%     3.1%     0.1%     0.0%     2.9%     0.2%
Mar 03 16:52:47    121.5    15862778      297    93.8%    295.4     0.6%     3.1%     0.1%     0.0%     2.9%     0.2%
Mar 03 16:53:48    122.0    18002136      297    93.8%    295.4     0.6%     3.1%     0.1%     0.0%     2.9%     0.2%
Mar 03 16:54:48    123.7    20312784      297    93.8%    295.4     0.6%     3.1%     0.1%     0.0%     2.9%     0.2%
Mar 03 16:55:48    124.2    22452558      297    93.8%    295.3     0.6%     3.1%     0.1%     0.0%     2.9%     0.2%
Mar 03 16:56:49    123.0    24335124      297    93.8%    295.3     0.6%     3.1%     0.1%     0.0%     2.9%     0.2%
Mar 03 16:57:53    123.6    26645752      297    93.8%    295.3     0.6%     3.1%     0.1%     0.0%     2.9%     0.2%
Mar 03 16:58:55    122.6    28528210      297    93.8%    295.4     0.6%     3.1%     0.1%     0.0%     2.9%     0.2%
Mar 03 16:59:56    122.8    30667390      297    93.8%    295.4     0.6%     3.1%     0.1%     0.0%     2.9%     0.2%
Mar 03 17:01:05    122.3    32892550      297    93.8%    295.4     0.6%     3.1%     0.1%     0.0%     2.9%     0.2%
Mar 03 17:02:06    122.0    34861079      297    93.8%    295.3     0.6%     3.1%     0.1%     0.0%     2.9%     0.2%
Mar 03 17:03:12    121.9    37085915      297    93.8%    295.3     0.6%     3.1%     0.1%     0.0%     2.9%     0.2%
Mar 03 17:04:14    121.3    38968527      297    93.8%    295.3     0.6%     3.1%     0.1%     0.0%     2.9%     0.2%
Mar 03 17:05:16    120.4    40765711      297    93.8%    295.3     0.6%     3.1%     0.1%     0.0%     2.9%     0.2%
Mar 03 17:06:18    120.1    42747052      297    93.8%    295.3     0.6%     3.1%     0.1%     0.0%     2.9%     0.2%
Mar 03 17:07:46	Finished 1st pass mapping
Mar 03 17:10:12     45.7      774942      297    92.8%    295.3     0.6%     4.0%     0.1%     0.0%     2.8%     0.2%
Mar 03 17:11:12     69.0     2320140      297    92.8%    295.3     0.6%     4.0%     0.1%     0.0%     2.8%     0.2%
Mar 03 17:12:15     75.6     3864866      297    92.8%    295.4     0.6%     4.0%     0.1%     0.0%     2.8%     0.2%
Mar 03 17:13:25     71.8     5066163      297    92.8%    295.4     0.6%     4.0%     0.1%     0.0%     2.8%     0.2%
Mar 03 17:14:30     71.7     6353427      297    92.9%    295.4     0.6%     4.0%     0.1%     0.0%     2.8%     0.2%
Mar 03 17:15:31     71.6     7554807      297    92.8%    295.4     0.6%     4.0%     0.1%     0.0%     2.8%     0.2%
Mar 03 17:16:32     70.1     8584700      297    92.8%    295.4     0.6%     4.0%     0.1%     0.0%     2.8%     0.2%
Mar 03 17:17:33     69.6     9700295      297    92.8%    295.4     0.6%     4.0%     0.1%     0.0%     2.8%     0.2%
Mar 03 17:18:36     70.5    11070481      297    92.8%    295.4     0.6%     4.0%     0.1%     0.0%     2.8%     0.2%
Mar 03 17:19:39     71.3    12439716      297    92.8%    295.4     0.6%     4.0%     0.1%     0.0%     2.8%     0.2%
Mar 03 17:20:39     71.8    13723346      297    92.8%    295.4     0.6%     4.0%     0.1%     0.0%     2.8%     0.2%
Mar 03 17:21:48     71.8    15092367      297    92.8%    295.4     0.6%     4.0%     0.1%     0.0%     2.8%     0.2%
Mar 03 17:22:49     72.4    16461847      297    92.8%    295.4     0.6%     4.0%     0.1%     0.0%     2.8%     0.2%
Mar 03 17:23:52     72.5    17745319      297    92.8%    295.4     0.6%     4.0%     0.1%     0.0%     2.8%     0.2%
Mar 03 17:24:57     73.1    19200293      297    92.8%    295.4     0.6%     4.0%     0.1%     0.0%     2.8%     0.2%
Mar 03 17:25:59     73.2    20483863      297    92.8%    295.4     0.6%     4.0%     0.1%     0.0%     2.8%     0.2%
Mar 03 17:27:14     72.6    21853326      297    92.8%    295.4     0.6%     4.0%     0.1%     0.0%     2.9%     0.2%
Mar 03 17:28:20     72.2    23051577      297    92.8%    295.3     0.6%     4.0%     0.1%     0.0%     2.9%     0.2%
Mar 03 17:29:20     72.5    24335124      297    92.8%    295.3     0.6%     4.0%     0.1%     0.0%     2.9%     0.2%
Mar 03 17:30:22     72.8    25704484      297    92.8%    295.3     0.6%     4.0%     0.1%     0.0%     2.8%     0.2%
Mar 03 17:31:23     72.7    26902520      297    92.8%    295.3     0.6%     4.0%     0.1%     0.0%     2.8%     0.2%
Mar 03 17:32:31     72.3    28100407      297    92.8%    295.4     0.6%     4.0%     0.1%     0.0%     2.8%     0.2%
Mar 03 17:33:37     72.2    29384004      297    92.8%    295.4     0.6%     4.0%     0.1%     0.0%     2.8%     0.2%
Mar 03 17:34:42     72.3    30752926      297    92.8%    295.4     0.6%     4.0%     0.1%     0.0%     2.8%     0.2%
Mar 03 17:35:43     72.6    32122067      297    92.8%    295.4     0.6%     4.0%     0.1%     0.0%     2.8%     0.2%
Mar 03 17:36:43     72.6    33320524      297    92.8%    295.3     0.6%     4.0%     0.1%     0.0%     2.9%     0.2%
Mar 03 17:37:43     72.2    34347506      297    92.8%    295.3     0.6%     4.0%     0.1%     0.0%     2.9%     0.2%
Mar 03 17:38:50     71.9    35545712      297    92.8%    295.3     0.6%     4.0%     0.1%     0.0%     2.9%     0.2%
Mar 03 17:39:50     71.6    36572491      297    92.8%    295.3     0.6%     4.0%     0.1%     0.0%     2.9%     0.2%
Mar 03 17:40:52     71.5    37770523      297    92.8%    295.3     0.6%     4.0%     0.1%     0.0%     2.9%     0.2%
Mar 03 17:42:00     71.2    38968613      297    92.8%    295.3     0.6%     4.0%     0.1%     0.0%     2.9%     0.2%
Mar 03 17:43:01     70.9    39995520      297    92.8%    295.3     0.6%     4.0%     0.1%     0.0%     2.9%     0.2%
Mar 03 17:44:01     70.5    40936872      297    92.8%    295.3     0.6%     4.0%     0.1%     0.0%     2.9%     0.2%
Mar 03 17:45:02     70.2    41963669      297    92.8%    295.3     0.6%     4.0%     0.1%     0.0%     2.9%     0.2%
Mar 03 17:46:26     69.4    43089199      297    92.8%    295.3     0.6%     4.0%     0.1%     0.0%     2.9%     0.2%
Mar 03 17:48:05     66.6    43174737      297    92.8%    295.3     0.6%     4.0%     0.1%     0.0%     2.9%     0.2%
ALL DONE!
