           Time    Speed        Read     Read   Mapped   Mapped   Mapped   Mapped Unmapped Unmapped Unmapped Unmapped
                    M/hr      number   length   unique   length   MMrate    multi   multi+       MM    short    other
Mar 04 13:01:10	Started 1st pass mapping
Mar 04 13:01:39     10.7       86028      297    92.9%    295.7     0.6%     3.6%     0.1%     0.0%     3.3%     0.1%
Mar 04 13:02:39    121.4     3001323      298    93.1%    295.7     0.6%     3.5%     0.1%     0.0%     3.2%     0.1%
Mar 04 13:03:40    133.7     5571046      298    93.1%    295.8     0.6%     3.5%     0.1%     0.0%     3.2%     0.1%
Mar 04 13:04:40    138.1     8055454      298    93.1%    295.8     0.6%     3.5%     0.1%     0.0%     3.2%     0.1%
Mar 04 13:05:40    145.1    10879882      298    93.0%    295.8     0.6%     3.5%     0.1%     0.0%     3.2%     0.1%
Mar 04 13:06:42    146.7    13528091      298    93.0%    295.7     0.6%     3.5%     0.1%     0.0%     3.2%     0.1%
Mar 04 13:07:44    146.2    16005355      298    93.0%    295.7     0.6%     3.5%     0.1%     0.0%     3.2%     0.1%
Mar 04 13:08:47    149.0    18909948      298    93.0%    295.8     0.6%     3.5%     0.1%     0.0%     3.2%     0.1%
Mar 04 13:09:48    151.6    21814420      298    93.0%    295.8     0.6%     3.5%     0.1%     0.0%     3.2%     0.1%
Mar 04 13:10:49    150.5    24206232      298    93.0%    295.7     0.6%     3.5%     0.1%     0.0%     3.2%     0.1%
Mar 04 13:11:53    151.8    27110735      298    93.0%    295.7     0.6%     3.5%     0.1%     0.0%     3.2%     0.1%
Mar 04 13:12:54    153.0    29929607      298    93.0%    295.7     0.6%     3.5%     0.1%     0.0%     3.2%     0.1%
Mar 04 13:13:54    153.9    32663169      298    93.0%    295.7     0.6%     3.5%     0.1%     0.0%     3.2%     0.1%
Mar 04 13:14:56    153.5    35225964      298    93.0%    295.6     0.6%     3.5%     0.1%     0.0%     3.2%     0.1%
Mar 04 13:15:59    152.7    37703295      298    93.0%    295.7     0.6%     3.5%     0.1%     0.0%     3.2%     0.1%
Mar 04 13:16:59    153.7    40522360      298    93.0%    295.7     0.6%     3.5%     0.1%     0.0%     3.2%     0.1%
Mar 04 13:17:59	Finished 1st pass mapping
Mar 04 13:20:24     56.7      945140      298    92.3%    295.8     0.6%     4.3%     0.1%     0.0%     3.1%     0.2%
Mar 04 13:21:27     75.3     2573039      298    92.2%    295.7     0.6%     4.3%     0.1%     0.0%     3.2%     0.2%
Mar 04 13:22:30     76.3     3943551      298    92.2%    295.8     0.6%     4.3%     0.1%     0.0%     3.1%     0.2%
Mar 04 13:23:35     76.2     5314144      298    92.2%    295.8     0.6%     4.3%     0.1%     0.0%     3.1%     0.2%
Mar 04 13:24:36     76.1     6598972      298    92.2%    295.8     0.6%     4.3%     0.1%     0.0%     3.1%     0.2%
Mar 04 13:25:37     77.7     8055444      298    92.2%    295.8     0.6%     4.3%     0.1%     0.0%     3.1%     0.2%
Mar 04 13:26:38     79.6     9597492      298    92.2%    295.8     0.6%     4.3%     0.1%     0.0%     3.2%     0.2%
Mar 04 13:27:38     79.9    10965293      298    92.2%    295.8     0.6%     4.3%     0.1%     0.0%     3.2%     0.2%
Mar 04 13:28:38     81.2    12503005      298    92.2%    295.8     0.6%     4.3%     0.1%     0.0%     3.2%     0.2%
Mar 04 13:29:42     81.8    14040588      298    92.2%    295.8     0.6%     4.3%     0.1%     0.0%     3.2%     0.2%
Mar 04 13:30:48     81.5    15492947      298    92.2%    295.8     0.6%     4.3%     0.1%     0.0%     3.2%     0.2%
Mar 04 13:31:48     82.8    17115978      298    92.2%    295.8     0.6%     4.3%     0.1%     0.0%     3.2%     0.2%
Mar 04 13:32:55     82.8    18653580      298    92.2%    295.8     0.6%     4.3%     0.1%     0.0%     3.2%     0.2%
Mar 04 13:34:01     83.2    20276727      298    92.2%    295.8     0.6%     4.3%     0.1%     0.0%     3.2%     0.2%
Mar 04 13:35:03     83.3    21729038      298    92.2%    295.8     0.6%     4.3%     0.1%     0.0%     3.2%     0.2%
Mar 04 13:36:08     82.8    23095664      298    92.2%    295.7     0.6%     4.3%     0.1%     0.0%     3.2%     0.2%
Mar 04 13:37:08     83.6    24718754      298    92.2%    295.7     0.6%     4.3%     0.1%     0.0%     3.2%     0.2%
Mar 04 13:38:12     83.8    26256297      298    92.2%    295.7     0.6%     4.3%     0.1%     0.0%     3.2%     0.2%
Mar 04 13:39:12     83.4    27537865      298    92.2%    295.7     0.6%     4.3%     0.1%     0.0%     3.2%     0.2%
Mar 04 13:40:14     83.7    29075398      298    92.2%    295.8     0.6%     4.3%     0.1%     0.0%     3.2%     0.2%
Mar 04 13:41:14     83.7    30442113      298    92.2%    295.8     0.6%     4.3%     0.1%     0.0%     3.2%     0.2%
Mar 04 13:42:23     83.0    31808869      298    92.2%    295.8     0.6%     4.3%     0.1%     0.0%     3.2%     0.2%
Mar 04 13:43:25     83.3    33346730      298    92.2%    295.7     0.6%     4.3%     0.1%     0.0%     3.2%     0.2%
Mar 04 13:44:26     83.2    34713596      298    92.2%    295.7     0.6%     4.3%     0.1%     0.0%     3.2%     0.2%
Mar 04 13:45:30     82.7    35994662      298    92.2%    295.7     0.6%     4.3%     0.1%     0.0%     3.2%     0.2%
Mar 04 13:46:33     82.8    37446822      298    92.2%    295.7     0.6%     4.3%     0.1%     0.0%     3.2%     0.2%
Mar 04 13:47:33     82.9    38899212      298    92.2%    295.7     0.6%     4.3%     0.1%     0.0%     3.2%     0.2%
Mar 04 13:48:38     83.0    40436825      298    92.2%    295.7     0.6%     4.3%     0.1%     0.0%     3.2%     0.2%
Mar 04 13:49:44     83.2    42060104      298    92.2%    295.7     0.6%     4.3%     0.1%     0.0%     3.2%     0.2%
Mar 04 13:51:59     80.5    43696526      298    92.2%    295.7     0.6%     4.3%     0.1%     0.0%     3.2%     0.2%
ALL DONE!
