           Time    Speed        Read     Read   Mapped   Mapped   Mapped   Mapped Unmapped Unmapped Unmapped Unmapped
                    M/hr      number   length   unique   length   MMrate    multi   multi+       MM    short    other
Mar 03 16:44:57	Started 1st pass mapping
Mar 03 16:45:29      9.7       85909      298    93.0%    295.8     0.6%     3.7%     0.1%     0.0%     3.1%     0.1%
Mar 03 16:46:38     97.8     2744374      298    93.0%    295.7     0.6%     3.5%     0.1%     0.0%     3.2%     0.1%
Mar 03 16:47:46    115.0     5399777      298    93.1%    295.8     0.6%     3.5%     0.1%     0.0%     3.2%     0.1%
Mar 03 16:48:47    119.4     7627112      298    93.1%    295.8     0.6%     3.5%     0.1%     0.0%     3.2%     0.1%
Mar 03 16:49:48    120.9     9768764      298    93.0%    295.8     0.6%     3.5%     0.1%     0.0%     3.2%     0.1%
Mar 03 16:50:51    121.9    11990496      298    93.0%    295.8     0.6%     3.5%     0.1%     0.0%     3.2%     0.1%
Mar 03 16:51:52    124.0    14296943      298    93.0%    295.7     0.6%     3.5%     0.1%     0.0%     3.2%     0.1%
Mar 03 16:52:52    124.5    16432485      298    93.0%    295.8     0.6%     3.5%     0.1%     0.0%     3.2%     0.1%
Mar 03 16:53:52    125.5    18653580      298    93.0%    295.8     0.6%     3.5%     0.1%     0.0%     3.2%     0.1%
Mar 03 16:54:53    126.6    20960184      298    93.0%    295.8     0.6%     3.5%     0.1%     0.0%     3.2%     0.1%
Mar 03 16:55:54    125.6    22924732      298    93.0%    295.7     0.6%     3.5%     0.1%     0.0%     3.2%     0.1%
Mar 03 16:56:57    127.0    25402228      298    93.0%    295.7     0.6%     3.5%     0.1%     0.0%     3.2%     0.1%
Mar 03 16:57:58    126.5    27452474      298    93.0%    295.7     0.6%     3.5%     0.1%     0.0%     3.2%     0.1%
Mar 03 16:59:01    126.6    29673253      298    93.0%    295.7     0.6%     3.5%     0.1%     0.0%     3.2%     0.1%
Mar 03 17:00:04    126.9    31979722      298    93.0%    295.7     0.6%     3.5%     0.1%     0.0%     3.2%     0.1%
Mar 03 17:01:04    127.6    34286331      298    93.0%    295.7     0.6%     3.5%     0.1%     0.0%     3.2%     0.1%
Mar 03 17:02:06    126.8    36250921      298    93.0%    295.6     0.6%     3.5%     0.1%     0.0%     3.2%     0.1%
Mar 03 17:03:07    127.1    38472084      298    93.0%    295.7     0.6%     3.5%     0.1%     0.0%     3.2%     0.1%
Mar 03 17:04:08    127.8    40864088      298    93.0%    295.7     0.6%     3.5%     0.1%     0.0%     3.2%     0.1%
Mar 03 17:05:08    128.9    43354787      298    93.0%    295.7     0.6%     3.5%     0.1%     0.0%     3.2%     0.1%
Mar 03 17:05:16	Finished 1st pass mapping
Mar 03 17:07:50      4.8       85882      297    92.3%    295.7     0.6%     4.3%     0.1%     0.0%     3.0%     0.2%
Mar 03 17:08:50     44.8     1544757      298    92.2%    295.8     0.6%     4.3%     0.1%     0.0%     3.1%     0.2%
Mar 03 17:09:50     62.1     3172574      298    92.2%    295.7     0.6%     4.3%     0.1%     0.0%     3.1%     0.2%
Mar 03 17:10:51     64.2     4372071      298    92.2%    295.8     0.6%     4.3%     0.1%     0.0%     3.1%     0.2%
Mar 03 17:11:55     65.9     5656687      298    92.2%    295.8     0.6%     4.3%     0.1%     0.0%     3.1%     0.2%
Mar 03 17:12:56     67.5     6941689      298    92.2%    295.8     0.6%     4.3%     0.1%     0.0%     3.1%     0.2%
Mar 03 17:13:56     68.2     8141075      298    92.2%    295.8     0.6%     4.3%     0.1%     0.0%     3.1%     0.2%
Mar 03 17:14:57     68.5     9340420      298    92.2%    295.8     0.6%     4.3%     0.1%     0.0%     3.2%     0.2%
Mar 03 17:15:58     69.3    10623526      298    92.2%    295.8     0.6%     4.3%     0.1%     0.0%     3.2%     0.2%
Mar 03 17:16:59     69.4    11819548      298    92.2%    295.8     0.6%     4.3%     0.1%     0.0%     3.2%     0.2%
Mar 03 17:18:00     70.0    13100921      298    92.2%    295.8     0.6%     4.3%     0.1%     0.0%     3.2%     0.2%
Mar 03 17:19:00     69.3    14125985      298    92.2%    295.8     0.6%     4.3%     0.1%     0.0%     3.2%     0.2%
Mar 03 17:20:04     69.5    15407441      298    92.2%    295.8     0.6%     4.3%     0.1%     0.0%     3.2%     0.2%
Mar 03 17:21:05     69.6    16603396      298    92.2%    295.8     0.6%     4.3%     0.1%     0.0%     3.2%     0.2%
Mar 03 17:22:07     68.9    17628318      298    92.2%    295.8     0.6%     4.3%     0.1%     0.0%     3.2%     0.2%
Mar 03 17:23:14     69.2    18995332      298    92.2%    295.8     0.6%     4.3%     0.1%     0.0%     3.2%     0.2%
Mar 03 17:24:20     69.5    20362200      298    92.2%    295.8     0.6%     4.3%     0.1%     0.0%     3.2%     0.2%
Mar 03 17:25:25     69.9    21729038      298    92.2%    295.8     0.6%     4.3%     0.1%     0.0%     3.2%     0.2%
Mar 03 17:26:32     69.6    22924728      298    92.2%    295.7     0.6%     4.3%     0.1%     0.0%     3.2%     0.2%
Mar 03 17:27:48     69.1    24206232      298    92.2%    295.7     0.6%     4.3%     0.1%     0.0%     3.2%     0.2%
Mar 03 17:28:51     69.2    25487623      298    92.2%    295.7     0.6%     4.3%     0.1%     0.0%     3.2%     0.2%
Mar 03 17:29:54     69.7    26854404      298    92.2%    295.7     0.6%     4.3%     0.1%     0.0%     3.2%     0.2%
Mar 03 17:30:59     69.9    28221093      298    92.2%    295.7     0.6%     4.3%     0.1%     0.0%     3.2%     0.2%
Mar 03 17:32:06     69.7    29416963      298    92.2%    295.8     0.6%     4.3%     0.1%     0.0%     3.2%     0.2%
Mar 03 17:33:15     69.4    30612976      298    92.2%    295.8     0.6%     4.3%     0.1%     0.0%     3.2%     0.2%
Mar 03 17:34:21     69.2    31808853      298    92.2%    295.8     0.6%     4.3%     0.1%     0.0%     3.2%     0.2%
Mar 03 17:35:23     69.4    33090363      298    92.2%    295.8     0.6%     4.3%     0.1%     0.0%     3.2%     0.2%
Mar 03 17:36:30     69.4    34371853      298    92.2%    295.7     0.6%     4.3%     0.1%     0.0%     3.2%     0.2%
Mar 03 17:37:32     69.4    35567696      298    92.2%    295.7     0.6%     4.3%     0.1%     0.0%     3.2%     0.2%
Mar 03 17:38:36     69.3    36763379      298    92.2%    295.7     0.6%     4.3%     0.1%     0.0%     3.2%     0.2%
Mar 03 17:39:42     69.0    37873948      298    92.2%    295.7     0.6%     4.3%     0.1%     0.0%     3.2%     0.2%
Mar 03 17:40:46     68.9    39069983      298    92.2%    295.7     0.6%     4.3%     0.1%     0.0%     3.2%     0.2%
Mar 03 17:41:48     69.1    40351418      298    92.2%    295.7     0.6%     4.3%     0.1%     0.0%     3.2%     0.2%
Mar 03 17:42:48     69.2    41547526      298    92.2%    295.7     0.6%     4.3%     0.1%     0.0%     3.2%     0.2%
Mar 03 17:43:49     69.2    42756734      298    92.2%    295.7     0.6%     4.3%     0.1%     0.0%     3.2%     0.2%
Mar 03 17:45:54     67.0    43696526      298    92.2%    295.7     0.6%     4.3%     0.1%     0.0%     3.2%     0.2%
ALL DONE!
